 THIS SOFTWARE AND ANY ACCOMPANYING DOCUMENTATION
 IS RELEASED "AS IS".  THE U.S. GOVERNMENT MAKES NO
 WARRANTY OF ANY KIND, EXPRESS OR IMPLIED, CONCERNING
 THIS SOFTWARE AND ANY ACCOMPANYING DOCUMENTATION,
 INCLUDING, WITHOUT LIMITATION, ANY WARRANTIES OF
 MERCHANTABILITY OR FITNESS FOR A PARTICULAR PURPOSE.
 IN NO EVENT WILL THE U.S. GOVERNMENT BE LIABLE FOR ANY
 DAMAGES, INCLUDING LOST PROFITS, LOST SAVINGS OR OTHER
 INCIDENTAL OR CONSEQUENTIAL DAMAGES ARISING OUT OF THE 
 USE, OR INABILITY TO USE, THIS SOFTWARE OR ANY
 ACCOMPANYING DOCUMENTATION, EVEN IF INFORMED IN ADVANCE
 OF THE POSSIBILITY OF SUCH DAMAGES.








                                        ****************************************************
                                        *    USAF STABILITY AND CONTROL  DIGITAL DATCOM    *
                                        *    PROGRAM REV. JAN 96   DIRECT INQUIRIES TO:    *
                                        *   WRIGHT LABORATORY  (WL/FIGC)  ATTN: W. BLAKE   *
                                        *         WRIGHT PATTERSON AFB, OHIO  45433        *
                                        *    PHONE (513) 255-6764,   FAX (513) 258-4054    *
                                        ****************************************************
1                         CONERR - INPUT ERROR CHECKING
0 ERROR CODES - N* DENOTES THE NUMBER OF OCCURENCES OF EACH ERROR
0 A - UNKNOWN VARIABLE NAME
0 B - MISSING EQUAL SIGN FOLLOWING VARIABLE NAME
0 C - NON-ARRAY VARIABLE HAS AN ARRAY ELEMENT DESIGNATION - (N)
0 D - NON-ARRAY VARIABLE HAS MULTIPLE VALUES ASSIGNED
0 E - ASSIGNED VALUES EXCEED ARRAY DIMENSION
0 F - SYNTAX ERROR

0******************************  INPUT DATA CARDS  ******************************

 DIM FT                                                                          
 DERIV DEG                                                                       
 DAMP                                                                            
  $FLTCON LOOP=2.0,                                                              
          NMACH=2.0, MACH(1)=0.1,0.2,                                            
          NALT=1.0, ALT(1)=0.0,                                                  
          NALPHA=11.0,                                                           
          ALSCHD(1)= -8.0, -6.0, -4.0, -2.0, 0.0, 2.0, 4.0, 8.0, 9.0,            
              10.0, 12.0,                                                        
          STMACH=0.6, TSMACH=1.4, TR=1.0$                                        
  $OPTINS SREF=320.8, CBARR=6.75, BLREF=51.7, ROUGFC=0.25E-3$                    
  $SYNTHS XCG=21.9, ZCG=3.125,                                                   
          XW=19.1,  ZW=3.125,  ALIW=2.5,                                         
          XH=39.2,  ZH=7.75,   ALIH=0.0,                                         
          XV=36.0,  ZV=6.0,                                                      
          XVF=18.0, ZVF=5.3,                                                     
          SCALE=1.0, VERTUP=.TRUE.$                                              
  $BODY NX=8.0,                                                                  
        X(1)=0.0,1.0,2.7,6.0,8.8,28.5,39.4,44.8,                                 
        R(1)=0.0,1.25,2.1,2.7,2.76,2.7,1.25,0.0,                                 
        ZU(1)=3.5,4.3,4.8,5.5,7.4,7.4,6.5,5.7,                                   
        ZL(1)=3.5,2.5,2.25,2.1,2.0,2.2,4.3,5.7,                                  
        BNOSE=1.0, BLN=8.8,                                                      
        BTAIL=1.0, BLA=19.7,                                                     
        ITYPE=1.0, METHOD=1.0$                                                   
  $WGPLNF CHRDR=9.4,   CHRDTP=3.01,                                              
          SSPN=25.85,  SSPNE=23.46,                                              
          SAVSI=1.3,                                                             
          CHSTAT=0.25, TWISTA=-3.0,                                              
          DHDADI=3.6,                                                            
          TYPE=1.0$                                                              
 NACA W 5 23014                                                                  
  $ASYFLP STYPE=4.0, NDELTA=9.0,                                                 
          DELTAL(1)=-32.0,-20.0,-10.0,-5.0,0.0,5.0,10.0,20.0,32.0,               
          DELTAR(1)=32.0,20.0,10.0,5.0,0.0,-5.0,-10.0,-20.0,-32.0,               
          SPANFI=15.2, SPANFO=24.0,                                              
          PHETE=0.05228,                                                         
          CHRDFI=1.87, CHRDFO=1.2$                                               
 CASEID AILERONS: Citation II Model 550 Aircraft                                 
 NEXT CASE                                                                       
                                                                                    ** ERROR ** NO NAMELIST NAME FOLLOWING $ 
 DIM FT                                                                          
 DERIV DEG                                                                       
 DAMP                                                                            
  $FLTCON LOOP=2.0,                                                              
          NMACH=2.0, MACH(1)=0.1,0.2,                                            
          NALT=1.0, ALT(1)=0.0,                                                  
          NALPHA=11.0,                                                           
          ALSCHD(1)= -8.0, -6.0, -4.0, -2.0, 0.0, 2.0, 4.0, 8.0, 9.0,            
              10.0, 12.0,                                                        
          STMACH=0.6, TSMACH=1.4, TR=1.0$                                        
  $OPTINS SREF=320.8, CBARR=6.75, BLREF=51.7, ROUGFC=0.25E-3$                    
  $SYNTHS XCG=21.9, ZCG=3.125,                                                   
          XW=19.1,  ZW=3.125,  ALIW=2.5,                                         
          XH=39.2,  ZH=7.75,   ALIH=0.0,                                         
          XV=36.0,  ZV=6.0,                                                      
          XVF=18.0, ZVF=5.3,                                                     
          SCALE=1.0, VERTUP=.TRUE.$                                              
  $BODY NX=8.0,                                                                  
        X(1)=0.0,1.0,2.7,6.0,8.8,28.5,39.4,44.8,                                 
        R(1)=0.0,1.25,2.1,2.7,2.76,2.7,1.25,0.0,                                 
        ZU(1)=3.5,4.3,4.8,5.5,7.4,7.4,6.5,5.7,                                   
        ZL(1)=3.5,2.5,2.25,2.1,2.0,2.2,4.3,5.7,                                  
        BNOSE=1.0, BLN=8.8,                                                      
        BTAIL=1.0, BLA=19.7,                                                     
        ITYPE=1.0, METHOD=1.0$                                                   
  $WGPLNF CHRDR=9.4,   CHRDTP=3.01,                                              
          SSPN=25.85,  SSPNE=23.46,                                              
          SAVSI=1.3,                                                             
          CHSTAT=0.25, TWISTA=-3.0,                                              
          DHDADI=3.6,                                                            
          TYPE=1.0$                                                              
 NACA W 5 23014                                                                  
 NACA H 4 0010                                                                   
  $HTPLNF CHRDR=4.99, CHRDTP=2.48,                                               
          SSPN=9.42, SSPNE=9.21,                                                 
          SAVSI=5.32,                                                            
          CHSTAT=0.25, TWISTA=0.0,                                               
          DHDADI=9.2,                                                            
          TYPE=1.0$                                                              
  $VTPLNF CHRDTP=3.63, SSPNE=8.85,  SSPN=9.42, CHRDR=8.3,                        
          SAVSI=32.3,  CHSTAT=0.25, TYPE=1.0$                                    
  $SYMFLP FTYPE=1.0,                                                             
          NDELTA=9.0, DELTA(1)=-20.0,-15.0,-10.0,-5.0,0.0,5.0,10.0,13.0,16.0,    
          PHETE=0.0522, PHETEP=0.0523,                                           
          CHRDFI=1.94,  CHRDFO=1.03,                                             
          SPANFI=0.7,   SPANFO=9.21,                                             
          CB=0.84,      TC=0.3,         NTYPE=1.0$                               
 NACA V 4 0012                                                                   
 NACA F 4 0012                                                                   
 CASEID TOTAL: Elevator: Citation II Model 550 Aircraft                          
1          THE FOLLOWING IS A LIST OF ALL INPUT CARDS FOR THIS CASE.
0
 DIM FT                                                                          
 DERIV DEG                                                                       
 DAMP                                                                            
  $FLTCON LOOP=2.0,                                                              
          NMACH=2.0, MACH(1)=0.1,0.2,                                            
          NALT=1.0, ALT(1)=0.0,                                                  
          NALPHA=11.0,                                                           
          ALSCHD(1)= -8.0, -6.0, -4.0, -2.0, 0.0, 2.0, 4.0, 8.0, 9.0,            
              10.0, 12.0,                                                        
          STMACH=0.6, TSMACH=1.4, TR=1.0$                                        
  $OPTINS SREF=320.8, CBARR=6.75, BLREF=51.7, ROUGFC=0.25E-3$                    
  $SYNTHS XCG=21.9, ZCG=3.125,                                                   
          XW=19.1,  ZW=3.125,  ALIW=2.5,                                         
          XH=39.2,  ZH=7.75,   ALIH=0.0,                                         
          XV=36.0,  ZV=6.0,                                                      
          XVF=18.0, ZVF=5.3,                                                     
          SCALE=1.0, VERTUP=.TRUE.$                                              
  $BODY NX=8.0,                                                                  
        X(1)=0.0,1.0,2.7,6.0,8.8,28.5,39.4,44.8,                                 
        R(1)=0.0,1.25,2.1,2.7,2.76,2.7,1.25,0.0,                                 
        ZU(1)=3.5,4.3,4.8,5.5,7.4,7.4,6.5,5.7,                                   
        ZL(1)=3.5,2.5,2.25,2.1,2.0,2.2,4.3,5.7,                                  
        BNOSE=1.0, BLN=8.8,                                                      
        BTAIL=1.0, BLA=19.7,                                                     
        ITYPE=1.0, METHOD=1.0$                                                   
  $WGPLNF CHRDR=9.4,   CHRDTP=3.01,                                              
          SSPN=25.85,  SSPNE=23.46,                                              
          SAVSI=1.3,                                                             
          CHSTAT=0.25, TWISTA=-3.0,                                              
          DHDADI=3.6,                                                            
          TYPE=1.0$                                                              
 NACA W 5 23014                                                                  
  $ASYFLP STYPE=4.0, NDELTA=9.0,                                                 
          DELTAL(1)=-32.0,-20.0,-10.0,-5.0,0.0,5.0,10.0,20.0,32.0,               
          DELTAR(1)=32.0,20.0,10.0,5.0,0.0,-5.0,-10.0,-20.0,-32.0,               
          SPANFI=15.2, SPANFO=24.0,                                              
          PHETE=0.05228,                                                         
          CHRDFI=1.87, CHRDFO=1.2$                                               
 CASEID AILERONS: Citation II Model 550 Aircraft                                 
 NEXT CASE                                                                       
0 INPUT DIMENSIONS ARE IN FT, SCALE FACTOR IS 1.0000

1                             AUTOMATED STABILITY AND CONTROL METHODS PER APRIL 1976 VERSION OF DATCOM   
                                                        WING SECTION DEFINITION
0                                 IDEAL ANGLE OF ATTACK =   1.78973 DEG.

                              ZERO LIFT ANGLE OF ATTACK =  -1.07986 DEG.

                                 IDEAL LIFT COEFFICIENT =    .32672

                  ZERO LIFT PITCHING MOMENT COEFFICIENT =   -.01182

                             MACH ZERO LIFT-CURVE-SLOPE =    .09490 /DEG.

                                    LEADING EDGE RADIUS =    .02160 FRACTION CHORD

                              MAXIMUM AIRFOIL THICKNESS =    .14000 FRACTION CHORD

                                                DELTA-Y =   3.69714 PERCENT CHORD


0                         MACH=  .1000 LIFT-CURVE-SLOPE =    .09527 /DEG.      XAC =    .25751
0                         MACH=  .2000 LIFT-CURVE-SLOPE =    .09640 /DEG.      XAC =    .25798
 WARNING*** BODY ALONE DYNAMIC DERIVATIVE METHOD VALID FOR NOSE CYLINDER ONLY
            TAIL EFFECTS IGNORED]
1                               AUTOMATED STABILITY AND CONTROL METHODS PER APRIL 1976 VERSION OF DATCOM
                                         CHARACTERISTICS AT ANGLE OF ATTACK AND IN SIDESLIP
                                                       WING-BODY CONFIGURATION
                                             AILERONS: Citation II Model 550 Aircraft
 
 -----------------------  FLIGHT CONDITIONS  ------------------------           --------------  REFERENCE DIMENSIONS  ------------
  MACH    ALTITUDE   VELOCITY    PRESSURE    TEMPERATURE     REYNOLDS             REF.      REFERENCE LENGTH   MOMENT REF. CENTER
 NUMBER                                                       NUMBER              AREA       LONG.     LAT.     HORIZ      VERT
             FT       FT/SEC     LB/FT**2       DEG R         1/FT               FT**2        FT        FT        FT        FT
0  .100        .00     111.63   2.1162E+03     518.670     7.0682E+05           320.800      6.750    51.700    21.900     3.125
0                                                               -------------------DERIVATIVE (PER DEGREE)-------------------
0 ALPHA     CD       CL       CM       CN       CA       XCP        CLA          CMA          CYB          CNB          CLB
0
   -8.0     .027    -.515    -.0438   -.514    -.045     .085    9.126E-02    8.676E-03   -5.439E-03   -1.081E-03   -1.610E-03
   -6.0     .020    -.335    -.0265   -.335    -.015     .079    8.847E-02    8.699E-03                             -1.574E-03
   -4.0     .016    -.161    -.0090   -.162     .005     .056    8.520E-02    8.699E-03                             -1.540E-03
   -2.0     .015     .006     .0083    .005     .015    1.596    8.373E-02    8.722E-03                             -1.507E-03
     .0     .016     .174     .0258    .174     .016     .149    8.583E-02    8.798E-03                             -1.473E-03
    2.0     .021     .349     .0435    .350     .009     .124    8.928E-02    8.917E-03                             -1.439E-03
    4.0     .028     .531     .0615    .532    -.009     .116    9.307E-02    9.274E-03                             -1.403E-03
    8.0     .055     .920     .1008    .919    -.073     .110    1.002E-01    1.036E-02                             -1.326E-03
    9.0     .065    1.021     .1113   1.018    -.096     .109    1.016E-01    1.061E-02                             -1.306E-03
   10.0     .076    1.123     .1221   1.119    -.121     .109    9.823E-02    1.072E-02                             -1.286E-03
   12.0     .098    1.304     .1435   1.295    -.175     .111    8.228E-02    1.072E-02                             -1.250E-03
1                               AUTOMATED STABILITY AND CONTROL METHODS PER APRIL 1976 VERSION OF DATCOM
                                                         DYNAMIC DERIVATIVES
                                                       WING-BODY CONFIGURATION
                                             AILERONS: Citation II Model 550 Aircraft
 
 -----------------------  FLIGHT CONDITIONS  ------------------------           --------------  REFERENCE DIMENSIONS  ------------
  MACH    ALTITUDE   VELOCITY    PRESSURE    TEMPERATURE     REYNOLDS             REF.      REFERENCE LENGTH   MOMENT REF. CENTER
 NUMBER                                                       NUMBER              AREA       LONG.     LAT.     HORIZ      VERT
             FT       FT/SEC     LB/FT**2       DEG R         1/FT               FT**2        FT        FT        FT        FT
0  .100        .00     111.63   2.1162E+03     518.670     7.0682E+05           320.800      6.750    51.700    21.900     3.125
                                                    DYNAMIC DERIVATIVES (PER DEGREE)
0           -------PITCHING-------    -----ACCELERATION------    --------------ROLLING--------------    --------YAWING--------
0   ALPHA       CLQ          CMQ           CLAD         CMAD         CLP          CYP          CNP          CNR          CLR
0
    -8.00    3.490E-02   -8.121E-03       NDM          NDM       -8.630E-03   -5.630E-04    5.836E-04   -7.847E-05   -1.764E-03
    -6.00                                                        -8.309E-03   -8.857E-04    3.630E-04   -5.551E-05   -1.180E-03
    -4.00                                                        -7.964E-03   -1.196E-03    1.494E-04   -4.332E-05   -6.192E-04
    -2.00                                                        -7.847E-03   -1.495E-03   -5.819E-05   -4.076E-05   -8.337E-05
      .00                                                        -8.096E-03   -1.798E-03   -2.683E-04   -4.726E-05    4.619E-04
     2.00                                                        -8.420E-03   -2.112E-03   -4.833E-04   -6.386E-05    1.032E-03
     4.00                                                        -8.659E-03   -2.436E-03   -7.029E-04   -9.159E-05    1.621E-03
     8.00                                                        -8.950E-03   -3.105E-03   -1.156E-03   -1.827E-04    2.838E-03
     9.00                                                        -8.981E-03   -3.275E-03   -1.272E-03   -2.130E-04    3.145E-03
    10.00                                                        -8.497E-03   -3.455E-03   -1.418E-03   -2.463E-04    3.453E-03
    12.00                                                        -6.539E-03   -3.763E-03   -1.697E-03   -3.082E-04    3.967E-03
0*** NDM PRINTED WHEN NO DATCOM METHODS EXIST
1                            AUTOMATED STABILITY AND CONTROL METHODS PER APRIL 1976 VERSION OF DATCOM
                                         CHARACTERISTICS OF HIGH LIFT AND CONTROL DEVICES
                                            WING PLAIN TRAILING-EDGE FLAP CONFIGURATION
                                             AILERONS: Citation II Model 550 Aircraft
 -----------------------  FLIGHT CONDITIONS  ------------------------           --------------  REFERENCE DIMENSIONS  ------------
  MACH    ALTITUDE   VELOCITY    PRESSURE    TEMPERATURE     REYNOLDS             REF.      REFERENCE LENGTH   MOMENT REF. CENTER
 NUMBER                                                       NUMBER              AREA       LONG.     LAT.     HORIZ      VERT
             FT       FT/SEC     LB/FT**2       DEG R         1/FT               FT**2        FT        FT        FT        FT
0  .100        .00     111.63   2.1162E+03     518.670     7.0682E+05           320.800      6.750    51.700    21.900     3.125
0                           ----------YAWING MOMENT COEFFICIENT,CN,DUE TO CONTROL DEFLECTION----------
0(DELTAL-DELTAR)=-64.0       -40.0       -20.0       -10.0          .0        10.0        20.0        40.0        64.0
0ALPHA
0
  -8.0        -2.966E-03  -2.486E-03  -1.590E-03  -7.952E-04   0.000E+00   7.952E-04   1.590E-03   2.486E-03   2.966E-03
  -6.0        -1.871E-03  -1.568E-03  -1.003E-03  -5.016E-04   0.000E+00   5.016E-04   1.003E-03   1.568E-03   1.871E-03
  -4.0        -8.171E-04  -6.849E-04  -4.381E-04  -2.191E-04   0.000E+00   2.191E-04   4.381E-04   6.849E-04   8.171E-04
  -2.0         1.890E-04   1.585E-04   1.014E-04   5.068E-05   0.000E+00  -5.068E-05  -1.014E-04  -1.585E-04  -1.890E-04
    .0         1.213E-03   1.017E-03   6.504E-04   3.252E-04   0.000E+00  -3.252E-04  -6.504E-04  -1.017E-03  -1.213E-03
   2.0         2.283E-03   1.914E-03   1.224E-03   6.121E-04   0.000E+00  -6.121E-04  -1.224E-03  -1.914E-03  -2.283E-03
   4.0         3.390E-03   2.842E-03   1.818E-03   9.089E-04   0.000E+00  -9.089E-04  -1.818E-03  -2.842E-03  -3.390E-03
   8.0         5.674E-03   4.756E-03   3.042E-03   1.521E-03   0.000E+00  -1.521E-03  -3.042E-03  -4.756E-03  -5.674E-03
   9.0         6.252E-03   5.241E-03   3.352E-03   1.676E-03   0.000E+00  -1.676E-03  -3.352E-03  -5.241E-03  -6.252E-03
  10.0         6.830E-03   5.726E-03   3.662E-03   1.831E-03   0.000E+00  -1.831E-03  -3.662E-03  -5.726E-03  -6.830E-03
  12.0         7.794E-03   6.534E-03   4.180E-03   2.090E-03   0.000E+00  -2.090E-03  -4.180E-03  -6.534E-03  -7.794E-03
0
0                                            DELTAL          DELTAR          (CL)ROLL
0
                                             -32.0            32.0           -6.8183E-02
                                             -20.0            20.0           -5.7154E-02
                                             -10.0            10.0           -3.6572E-02
                                              -5.0             5.0           -1.8286E-02
                                                .0              .0            0.0000E+00
                                               5.0            -5.0            1.8286E-02
                                              10.0           -10.0            3.6572E-02
                                              20.0           -20.0            5.7154E-02
                                              32.0           -32.0            6.8183E-02
 WARNING*** BODY ALONE DYNAMIC DERIVATIVE METHOD VALID FOR NOSE CYLINDER ONLY
            TAIL EFFECTS IGNORED]
1                               AUTOMATED STABILITY AND CONTROL METHODS PER APRIL 1976 VERSION OF DATCOM
                                         CHARACTERISTICS AT ANGLE OF ATTACK AND IN SIDESLIP
                                                       WING-BODY CONFIGURATION
                                             AILERONS: Citation II Model 550 Aircraft
 
 -----------------------  FLIGHT CONDITIONS  ------------------------           --------------  REFERENCE DIMENSIONS  ------------
  MACH    ALTITUDE   VELOCITY    PRESSURE    TEMPERATURE     REYNOLDS             REF.      REFERENCE LENGTH   MOMENT REF. CENTER
 NUMBER                                                       NUMBER              AREA       LONG.     LAT.     HORIZ      VERT
             FT       FT/SEC     LB/FT**2       DEG R         1/FT               FT**2        FT        FT        FT        FT
0  .200        .00     223.27   2.1162E+03     518.670     1.4136E+06           320.800      6.750    51.700    21.900     3.125
0                                                               -------------------DERIVATIVE (PER DEGREE)-------------------
0 ALPHA     CD       CL       CM       CN       CA       XCP        CLA          CMA          CYB          CNB          CLB
0
   -8.0     .024    -.519    -.0437   -.517    -.048     .085    9.188E-02    8.653E-03   -5.439E-03   -1.171E-03   -1.619E-03
   -6.0     .017    -.338    -.0264   -.338    -.018     .078    8.913E-02    8.677E-03                             -1.583E-03
   -4.0     .013    -.162    -.0090   -.163     .002     .055    8.591E-02    8.680E-03                             -1.548E-03
   -2.0     .012     .006     .0083    .005     .013    1.545    8.446E-02    8.704E-03                             -1.514E-03
     .0     .014     .176     .0258    .176     .014     .147    8.653E-02    8.778E-03                             -1.480E-03
    2.0     .018     .352     .0434    .352     .006     .123    8.993E-02    8.895E-03                             -1.445E-03
    4.0     .026     .535     .0614    .536    -.012     .115    9.367E-02    9.249E-03                             -1.408E-03
    8.0     .053     .926     .1006    .925    -.076     .109    1.007E-01    1.033E-02                             -1.330E-03
    9.0     .063    1.028     .1111   1.025    -.099     .108    1.020E-01    1.058E-02                             -1.310E-03
   10.0     .074    1.130     .1218   1.126    -.124     .108    9.826E-02    1.069E-02                             -1.289E-03
   12.0     .096    1.309     .1431   1.300    -.179     .110    8.065E-02    1.065E-02                             -1.253E-03
1                               AUTOMATED STABILITY AND CONTROL METHODS PER APRIL 1976 VERSION OF DATCOM
                                                         DYNAMIC DERIVATIVES
                                                       WING-BODY CONFIGURATION
                                             AILERONS: Citation II Model 550 Aircraft
 
 -----------------------  FLIGHT CONDITIONS  ------------------------           --------------  REFERENCE DIMENSIONS  ------------
  MACH    ALTITUDE   VELOCITY    PRESSURE    TEMPERATURE     REYNOLDS             REF.      REFERENCE LENGTH   MOMENT REF. CENTER
 NUMBER                                                       NUMBER              AREA       LONG.     LAT.     HORIZ      VERT
             FT       FT/SEC     LB/FT**2       DEG R         1/FT               FT**2        FT        FT        FT        FT
0  .200        .00     223.27   2.1162E+03     518.670     1.4136E+06           320.800      6.750    51.700    21.900     3.125
                                                    DYNAMIC DERIVATIVES (PER DEGREE)
0           -------PITCHING-------    -----ACCELERATION------    --------------ROLLING--------------    --------YAWING--------
0   ALPHA       CLQ          CMQ           CLAD         CMAD         CLP          CYP          CNP          CNR          CLR
0
    -8.00    3.530E-02   -8.121E-03       NDM          NDM       -8.665E-03   -5.689E-04    5.848E-04   -7.453E-05   -1.796E-03
    -6.00                                                        -8.350E-03   -8.928E-04    3.639E-04   -5.129E-05   -1.201E-03
    -4.00                                                        -8.010E-03   -1.205E-03    1.499E-04   -3.893E-05   -6.285E-04
    -2.00                                                        -7.894E-03   -1.505E-03   -5.828E-05   -3.633E-05   -8.117E-05
      .00                                                        -8.140E-03   -1.809E-03   -2.689E-04   -4.292E-05    4.757E-04
     2.00                                                        -8.458E-03   -2.125E-03   -4.842E-04   -5.975E-05    1.057E-03
     4.00                                                        -8.692E-03   -2.450E-03   -7.042E-04   -8.781E-05    1.658E-03
     8.00                                                        -8.971E-03   -3.120E-03   -1.158E-03   -1.799E-04    2.897E-03
     9.00                                                        -8.999E-03   -3.291E-03   -1.274E-03   -2.104E-04    3.210E-03
    10.00                                                        -8.470E-03   -3.472E-03   -1.422E-03   -2.440E-04    3.523E-03
    12.00                                                        -6.336E-03   -3.777E-03   -1.705E-03   -3.053E-04    4.037E-03
0*** NDM PRINTED WHEN NO DATCOM METHODS EXIST
1                            AUTOMATED STABILITY AND CONTROL METHODS PER APRIL 1976 VERSION OF DATCOM
                                         CHARACTERISTICS OF HIGH LIFT AND CONTROL DEVICES
                                            WING PLAIN TRAILING-EDGE FLAP CONFIGURATION
                                             AILERONS: Citation II Model 550 Aircraft
 -----------------------  FLIGHT CONDITIONS  ------------------------           --------------  REFERENCE DIMENSIONS  ------------
  MACH    ALTITUDE   VELOCITY    PRESSURE    TEMPERATURE     REYNOLDS             REF.      REFERENCE LENGTH   MOMENT REF. CENTER
 NUMBER                                                       NUMBER              AREA       LONG.     LAT.     HORIZ      VERT
             FT       FT/SEC     LB/FT**2       DEG R         1/FT               FT**2        FT        FT        FT        FT
0  .200        .00     223.27   2.1162E+03     518.670     1.4136E+06           320.800      6.750    51.700    21.900     3.125
0                           ----------YAWING MOMENT COEFFICIENT,CN,DUE TO CONTROL DEFLECTION----------
0(DELTAL-DELTAR)=-64.0       -40.0       -20.0       -10.0          .0        10.0        20.0        40.0        64.0
0ALPHA
0
  -8.0        -3.002E-03  -2.516E-03  -1.610E-03  -8.048E-04   0.000E+00   8.048E-04   1.610E-03   2.516E-03   3.002E-03
  -6.0        -1.895E-03  -1.588E-03  -1.016E-03  -5.080E-04   0.000E+00   5.080E-04   1.016E-03   1.588E-03   1.895E-03
  -4.0        -8.277E-04  -6.939E-04  -4.438E-04  -2.219E-04   0.000E+00   2.219E-04   4.438E-04   6.939E-04   8.277E-04
  -2.0         1.915E-04   1.606E-04   1.027E-04   5.136E-05   0.000E+00  -5.136E-05  -1.027E-04  -1.606E-04  -1.915E-04
    .0         1.229E-03   1.030E-03   6.588E-04   3.294E-04   0.000E+00  -3.294E-04  -6.588E-04  -1.030E-03  -1.229E-03
   2.0         2.311E-03   1.938E-03   1.239E-03   6.197E-04   0.000E+00  -6.197E-04  -1.239E-03  -1.938E-03  -2.311E-03
   4.0         3.430E-03   2.876E-03   1.839E-03   9.197E-04   0.000E+00  -9.197E-04  -1.839E-03  -2.876E-03  -3.430E-03
   8.0         5.737E-03   4.809E-03   3.076E-03   1.538E-03   0.000E+00  -1.538E-03  -3.076E-03  -4.809E-03  -5.737E-03
   9.0         6.320E-03   5.298E-03   3.389E-03   1.695E-03   0.000E+00  -1.695E-03  -3.389E-03  -5.298E-03  -6.320E-03
  10.0         6.903E-03   5.787E-03   3.702E-03   1.851E-03   0.000E+00  -1.851E-03  -3.702E-03  -5.787E-03  -6.903E-03
  12.0         7.859E-03   6.589E-03   4.214E-03   2.107E-03   0.000E+00  -2.107E-03  -4.214E-03  -6.589E-03  -7.859E-03
0
0                                            DELTAL          DELTAR          (CL)ROLL
0
                                             -32.0            32.0           -6.8463E-02
                                             -20.0            20.0           -5.7389E-02
                                             -10.0            10.0           -3.6722E-02
                                              -5.0             5.0           -1.8361E-02
                                                .0              .0            0.0000E+00
                                               5.0            -5.0            1.8361E-02
                                              10.0           -10.0            3.6722E-02
                                              20.0           -20.0            5.7389E-02
                                              32.0           -32.0            6.8463E-02
1          THE FOLLOWING IS A LIST OF ALL INPUT CARDS FOR THIS CASE.
0
                                                                                 
 DIM FT                                                                          
 DERIV DEG                                                                       
 DAMP                                                                            
  $FLTCON LOOP=2.0,                                                              
          NMACH=2.0, MACH(1)=0.1,0.2,                                            
          NALT=1.0, ALT(1)=0.0,                                                  
          NALPHA=11.0,                                                           
          ALSCHD(1)= -8.0, -6.0, -4.0, -2.0, 0.0, 2.0, 4.0, 8.0, 9.0,            
              10.0, 12.0,                                                        
          STMACH=0.6, TSMACH=1.4, TR=1.0$                                        
  $OPTINS SREF=320.8, CBARR=6.75, BLREF=51.7, ROUGFC=0.25E-3$                    
  $SYNTHS XCG=21.9, ZCG=3.125,                                                   
          XW=19.1,  ZW=3.125,  ALIW=2.5,                                         
          XH=39.2,  ZH=7.75,   ALIH=0.0,                                         
          XV=36.0,  ZV=6.0,                                                      
          XVF=18.0, ZVF=5.3,                                                     
          SCALE=1.0, VERTUP=.TRUE.$                                              
  $BODY NX=8.0,                                                                  
        X(1)=0.0,1.0,2.7,6.0,8.8,28.5,39.4,44.8,                                 
        R(1)=0.0,1.25,2.1,2.7,2.76,2.7,1.25,0.0,                                 
        ZU(1)=3.5,4.3,4.8,5.5,7.4,7.4,6.5,5.7,                                   
        ZL(1)=3.5,2.5,2.25,2.1,2.0,2.2,4.3,5.7,                                  
        BNOSE=1.0, BLN=8.8,                                                      
        BTAIL=1.0, BLA=19.7,                                                     
        ITYPE=1.0, METHOD=1.0$                                                   
  $WGPLNF CHRDR=9.4,   CHRDTP=3.01,                                              
          SSPN=25.85,  SSPNE=23.46,                                              
          SAVSI=1.3,                                                             
          CHSTAT=0.25, TWISTA=-3.0,                                              
          DHDADI=3.6,                                                            
          TYPE=1.0$                                                              
 NACA W 5 23014                                                                  
 NACA H 4 0010                                                                   
  $HTPLNF CHRDR=4.99, CHRDTP=2.48,                                               
          SSPN=9.42, SSPNE=9.21,                                                 
          SAVSI=5.32,                                                            
          CHSTAT=0.25, TWISTA=0.0,                                               
          DHDADI=9.2,                                                            
          TYPE=1.0$                                                              
  $VTPLNF CHRDTP=3.63, SSPNE=8.85,  SSPN=9.42, CHRDR=8.3,                        
          SAVSI=32.3,  CHSTAT=0.25, TYPE=1.0$                                    
  $SYMFLP FTYPE=1.0,                                                             
          NDELTA=9.0, DELTA(1)=-20.0,-15.0,-10.0,-5.0,0.0,5.0,10.0,13.0,16.0,    
          PHETE=0.0522, PHETEP=0.0523,                                           
          CHRDFI=1.94,  CHRDFO=1.03,                                             
          SPANFI=0.7,   SPANFO=9.21,                                             
          CB=0.84,      TC=0.3,         NTYPE=1.0$                               
 NACA V 4 0012                                                                   
 NACA F 4 0012                                                                   
 CASEID TOTAL: Elevator: Citation II Model 550 Aircraft                          
0 INPUT DIMENSIONS ARE IN FT, SCALE FACTOR IS 1.0000

1                             AUTOMATED STABILITY AND CONTROL METHODS PER APRIL 1976 VERSION OF DATCOM   
                                                        WING SECTION DEFINITION
0                                 IDEAL ANGLE OF ATTACK =   1.78973 DEG.

                              ZERO LIFT ANGLE OF ATTACK =  -1.07986 DEG.

                                 IDEAL LIFT COEFFICIENT =    .32672

                  ZERO LIFT PITCHING MOMENT COEFFICIENT =   -.01182

                             MACH ZERO LIFT-CURVE-SLOPE =    .09490 /DEG.

                                    LEADING EDGE RADIUS =    .02160 FRACTION CHORD

                              MAXIMUM AIRFOIL THICKNESS =    .14000 FRACTION CHORD

                                                DELTA-Y =   3.69714 PERCENT CHORD


0                         MACH=  .1000 LIFT-CURVE-SLOPE =    .09527 /DEG.      XAC =    .25751
0                         MACH=  .2000 LIFT-CURVE-SLOPE =    .09640 /DEG.      XAC =    .25798
1                             AUTOMATED STABILITY AND CONTROL METHODS PER APRIL 1976 VERSION OF DATCOM   
                                                   HORIZONTAL TAIL SECTION DEFINITION
0                                 IDEAL ANGLE OF ATTACK =    .00000 DEG.

                              ZERO LIFT ANGLE OF ATTACK =    .00000 DEG.

                                 IDEAL LIFT COEFFICIENT =    .00000

                  ZERO LIFT PITCHING MOMENT COEFFICIENT =    .00000

                             MACH ZERO LIFT-CURVE-SLOPE =    .09755 /DEG.

                                    LEADING EDGE RADIUS =    .01102 FRACTION CHORD

                              MAXIMUM AIRFOIL THICKNESS =    .10000 FRACTION CHORD

                                                DELTA-Y =   2.64081 PERCENT CHORD


0                         MACH=  .1000 LIFT-CURVE-SLOPE =    .09798 /DEG.      XAC =    .25718
0                         MACH=  .2000 LIFT-CURVE-SLOPE =    .09928 /DEG.      XAC =    .25741
1                             AUTOMATED STABILITY AND CONTROL METHODS PER APRIL 1976 VERSION OF DATCOM   
                                                    VERTICAL TAIL SECTION DEFINITION
0                                 IDEAL ANGLE OF ATTACK =    .00000 DEG.

                              ZERO LIFT ANGLE OF ATTACK =    .00000 DEG.

                                 IDEAL LIFT COEFFICIENT =    .00000

                  ZERO LIFT PITCHING MOMENT COEFFICIENT =    .00000

                             MACH ZERO LIFT-CURVE-SLOPE =    .09596 /DEG.

                                    LEADING EDGE RADIUS =    .01587 FRACTION CHORD

                              MAXIMUM AIRFOIL THICKNESS =    .12000 FRACTION CHORD

                                                DELTA-Y =   3.16898 PERCENT CHORD


0                         MACH=  .1000 LIFT-CURVE-SLOPE =    .09636 /DEG.      XAC =    .25852
0                         MACH=  .2000 LIFT-CURVE-SLOPE =    .09761 /DEG.      XAC =    .25881
 WARNING*** BODY ALONE DYNAMIC DERIVATIVE METHOD VALID FOR NOSE CYLINDER ONLY
            TAIL EFFECTS IGNORED]
1                               AUTOMATED STABILITY AND CONTROL METHODS PER APRIL 1976 VERSION OF DATCOM
                                         CHARACTERISTICS AT ANGLE OF ATTACK AND IN SIDESLIP
                                        WING-BODY-VERTICAL TAIL-HORIZONTAL TAIL CONFIGURATION
                                          TOTAL: Elevator: Citation II Model 550 Aircraft
 
 -----------------------  FLIGHT CONDITIONS  ------------------------           --------------  REFERENCE DIMENSIONS  ------------
  MACH    ALTITUDE   VELOCITY    PRESSURE    TEMPERATURE     REYNOLDS             REF.      REFERENCE LENGTH   MOMENT REF. CENTER
 NUMBER                                                       NUMBER              AREA       LONG.     LAT.     HORIZ      VERT
             FT       FT/SEC     LB/FT**2       DEG R         1/FT               FT**2        FT        FT        FT        FT
0  .100        .00     111.63   2.1162E+03     518.670     7.0682E+05           320.800      6.750    51.700    21.900     3.125
0                                                               -------------------DERIVATIVE (PER DEGREE)-------------------
0 ALPHA     CD       CL       CM       CN       CA       XCP        CLA          CMA          CYB          CNB          CLB
0
   -8.0     .037    -.608     .2153   -.607    -.048    -.355    1.001E-01   -1.792E-02   -1.209E-02    1.009E-03   -2.751E-03
   -6.0     .027    -.408     .1774   -.408    -.016    -.434    9.835E-02   -1.848E-02                             -2.660E-03
   -4.0     .021    -.214     .1414   -.215     .006    -.657    9.482E-02   -1.790E-02                             -2.569E-03
   -2.0     .019    -.029     .1058   -.029     .018   -3.616    9.295E-02   -1.692E-02                             -2.477E-03
     .0     .020     .157     .0737    .157     .020     .468    9.452E-02   -1.555E-02                             -2.384E-03
    2.0     .024     .349     .0436    .350     .012     .125    9.759E-02   -1.456E-02                             -2.288E-03
    4.0     .033     .548     .0155    .549    -.006     .028    1.011E-01   -1.368E-02                             -2.191E-03
    8.0     .063     .968    -.0360    .967    -.072    -.037    1.079E-01   -1.222E-02                             -1.991E-03
    9.0     .074    1.077    -.0481   1.075    -.095    -.045    1.091E-01   -1.152E-02                             -1.940E-03
   10.0     .087    1.186    -.0591   1.183    -.121    -.050    1.061E-01   -1.248E-02                             -1.889E-03
   12.0     .113    1.385    -.0900   1.378    -.177    -.065    9.216E-02   -1.843E-02                             -1.791E-03
0                                    ALPHA     Q/QINF    EPSLON  D(EPSLON)/D(ALPHA)
0
                                     -8.0      1.000     -2.391         .421
                                     -6.0      1.000     -1.549         .424
                                     -4.0      1.000      -.693         .428
                                     -2.0      1.000       .164         .435
                                       .0      1.000      1.049         .453
                                      2.0      1.000      1.977         .475
                                      4.0      1.000      2.948         .495
                                      8.0      1.000      5.006         .532
                                      9.0      1.000      5.542         .536
                                     10.0      1.000      6.078         .510
                                     12.0      1.000      6.992         .457
1                               AUTOMATED STABILITY AND CONTROL METHODS PER APRIL 1976 VERSION OF DATCOM
                                                         DYNAMIC DERIVATIVES
                                        WING-BODY-VERTICAL TAIL-HORIZONTAL TAIL CONFIGURATION
                                          TOTAL: Elevator: Citation II Model 550 Aircraft
 
 -----------------------  FLIGHT CONDITIONS  ------------------------           --------------  REFERENCE DIMENSIONS  ------------
  MACH    ALTITUDE   VELOCITY    PRESSURE    TEMPERATURE     REYNOLDS             REF.      REFERENCE LENGTH   MOMENT REF. CENTER
 NUMBER                                                       NUMBER              AREA       LONG.     LAT.     HORIZ      VERT
             FT       FT/SEC     LB/FT**2       DEG R         1/FT               FT**2        FT        FT        FT        FT
0  .100        .00     111.63   2.1162E+03     518.670     7.0682E+05           320.800      6.750    51.700    21.900     3.125
                                                    DYNAMIC DERIVATIVES (PER DEGREE)
0           -------PITCHING-------    -----ACCELERATION------    --------------ROLLING--------------    --------YAWING--------
0   ALPHA       CLQ          CMQ           CLAD         CMAD         CLP          CYP          CNP          CNR          CLR
0
    -8.00    1.212E-01   -2.507E-01     3.631E-02   -1.021E-01   -8.825E-03   -1.127E-03    7.758E-04   -1.409E-03   -1.045E-03
    -6.00                               3.663E-02   -1.030E-01   -8.472E-03   -1.312E-03    5.109E-04   -1.435E-03   -4.964E-04
    -4.00                               3.696E-02   -1.039E-01   -8.095E-03   -1.483E-03    2.504E-04   -1.469E-03    2.693E-05
    -2.00                               3.757E-02   -1.056E-01   -7.950E-03   -1.639E-03   -6.544E-06   -1.510E-03    5.216E-04
      .00                               3.911E-02   -1.099E-01   -8.175E-03   -1.798E-03   -2.683E-04   -1.557E-03    1.023E-03
     2.00                               4.097E-02   -1.152E-01   -8.484E-03   -1.966E-03   -5.370E-04   -1.612E-03    1.546E-03
     4.00                               4.272E-02   -1.201E-01   -8.712E-03   -2.142E-03   -8.121E-04   -1.673E-03    2.086E-03
     8.00                               4.589E-02   -1.290E-01   -8.992E-03   -2.511E-03   -1.381E-03   -1.822E-03    3.197E-03
     9.00                               4.625E-02   -1.300E-01   -9.022E-03   -2.605E-03   -1.526E-03   -1.865E-03    3.478E-03
    10.00                               4.396E-02   -1.236E-01   -8.539E-03   -2.709E-03   -1.702E-03   -1.909E-03    3.758E-03
    12.00                               3.942E-02   -1.108E-01   -6.583E-03   -2.864E-03   -2.042E-03   -1.990E-03    4.215E-03
1                            AUTOMATED STABILITY AND CONTROL METHODS PER APRIL 1976 VERSION OF DATCOM
                                         CHARACTERISTICS OF HIGH LIFT AND CONTROL DEVICES
                                            TAIL PLAIN TRAILING-EDGE FLAP CONFIGURATION
                                          TOTAL: Elevator: Citation II Model 550 Aircraft
 -----------------------  FLIGHT CONDITIONS  ------------------------           --------------  REFERENCE DIMENSIONS  ------------
  MACH    ALTITUDE   VELOCITY    PRESSURE    TEMPERATURE     REYNOLDS             REF.      REFERENCE LENGTH   MOMENT REF. CENTER
 NUMBER                                                       NUMBER              AREA       LONG.     LAT.     HORIZ      VERT
             FT       FT/SEC     LB/FT**2       DEG R         1/FT               FT**2        FT        FT        FT        FT
0  .100        .00     111.63   2.1162E+03     518.670     7.0682E+05           320.800      6.750    51.700    21.900     3.125
0            ---------INCREMENTS DUE TO DEFLECTION---------              ---DERIVATIVES (PER DEGREE)---
0     DELTA     D(CL)     D(CM)    D(CL MAX)    D(CD MIN)                (CLA)D     (CH)A       (CH)D


      -20.0     -.152      .4334      .097       .01251                  NDM       1.352E-03   9.429E-03
      -15.0     -.144      .4094      .078       .00819                  NDM                   9.494E-03
      -10.0     -.102      .2888      .056       .00444                  NDM                   9.512E-03
       -5.0     -.051      .1444      .029       .00218                  NDM                   9.512E-03
         .0      .000     -.0003      .000       .00000                  NDM                   9.512E-03
        5.0      .051     -.1444      .029       .00218                  NDM                   9.512E-03
       10.0      .102     -.2888      .056       .00444                  NDM                   9.512E-03
       13.0      .130     -.3677      .070       .00669                  NDM                   9.505E-03
       16.0      .150     -.4263      .082       .00907                  NDM                   9.486E-03
0  *** NOTE * HINGE MOMENT DERIVATIVES ARE BASED ON TWICE THE AREA-MOMENT OF THE CONTROL ABOUT ITS HINGE LINE

0            --------- INDUCED DRAG COEFFICIENT INCREMENT , D(CDI) , DUE TO DEFLECTION ---------
0       DELTA = -20.0     -15.0     -10.0      -5.0        .0       5.0      10.0      13.0      16.0
   ALPHA
0
    -8.0        1.47E-02  1.36E-02  8.32E-03  3.38E-03 -5.20E-06 -1.82E-03 -2.08E-03 -1.56E-03 -8.82E-04
    -6.0        1.32E-02  1.21E-02  7.27E-03  2.86E-03 -4.15E-06 -1.29E-03 -1.03E-03 -2.20E-04  6.70E-04
    -4.0        1.16E-02  1.07E-02  6.23E-03  2.34E-03 -3.11E-06 -7.75E-04  9.92E-06  1.10E-03  2.20E-03
    -2.0        1.01E-02  9.21E-03  5.19E-03  1.82E-03 -2.07E-06 -2.56E-04  1.05E-03  2.42E-03  3.73E-03
      .0        8.56E-03  7.77E-03  4.18E-03  1.31E-03 -1.06E-06  2.50E-04  2.06E-03  3.72E-03  5.23E-03
     2.0        7.10E-03  6.39E-03  3.21E-03  8.24E-04 -8.43E-08  7.37E-04  3.03E-03  4.96E-03  6.66E-03
     4.0        5.71E-03  5.07E-03  2.27E-03  3.57E-04  8.50E-07  1.20E-03  3.97E-03  6.15E-03  8.04E-03
     8.0        3.07E-03  2.57E-03  5.11E-04 -5.25E-04  2.61E-06  2.09E-03  5.73E-03  8.39E-03  1.06E-02
     9.0        2.44E-03  1.97E-03  8.95E-05 -7.35E-04  3.03E-06  2.30E-03  6.15E-03  8.93E-03  1.13E-02
    10.0        1.81E-03  1.38E-03 -3.32E-04 -9.46E-04  3.46E-06  2.51E-03  6.57E-03  9.47E-03  1.19E-02
    12.0        3.38E-04 -2.26E-05 -1.32E-03 -1.44E-03  4.44E-06  3.00E-03  7.56E-03  1.07E-02  1.33E-02
0***NDM PRINTED WHEN NO DATCOM METHODS EXIST
 WARNING*** BODY ALONE DYNAMIC DERIVATIVE METHOD VALID FOR NOSE CYLINDER ONLY
            TAIL EFFECTS IGNORED]
1                               AUTOMATED STABILITY AND CONTROL METHODS PER APRIL 1976 VERSION OF DATCOM
                                         CHARACTERISTICS AT ANGLE OF ATTACK AND IN SIDESLIP
                                        WING-BODY-VERTICAL TAIL-HORIZONTAL TAIL CONFIGURATION
                                          TOTAL: Elevator: Citation II Model 550 Aircraft
 
 -----------------------  FLIGHT CONDITIONS  ------------------------           --------------  REFERENCE DIMENSIONS  ------------
  MACH    ALTITUDE   VELOCITY    PRESSURE    TEMPERATURE     REYNOLDS             REF.      REFERENCE LENGTH   MOMENT REF. CENTER
 NUMBER                                                       NUMBER              AREA       LONG.     LAT.     HORIZ      VERT
             FT       FT/SEC     LB/FT**2       DEG R         1/FT               FT**2        FT        FT        FT        FT
0  .200        .00     223.27   2.1162E+03     518.670     1.4136E+06           320.800      6.750    51.700    21.900     3.125
0                                                               -------------------DERIVATIVE (PER DEGREE)-------------------
0 ALPHA     CD       CL       CM       CN       CA       XCP        CLA          CMA          CYB          CNB          CLB
0
   -8.0     .034    -.612     .2166   -.611    -.052    -.354    1.008E-01   -1.810E-02   -1.213E-02    9.257E-04   -2.764E-03
   -6.0     .024    -.411     .1785   -.411    -.019    -.434    9.905E-02   -1.859E-02                             -2.672E-03
   -4.0     .018    -.216     .1423   -.217     .003    -.656    9.556E-02   -1.800E-02                             -2.580E-03
   -2.0     .016    -.029     .1065   -.029     .015   -3.625    9.371E-02   -1.703E-02                             -2.488E-03
     .0     .017     .159     .0742    .159     .017     .467    9.526E-02   -1.566E-02                             -2.394E-03
    2.0     .021     .352     .0438    .353     .009     .124    9.827E-02   -1.467E-02                             -2.298E-03
    4.0     .030     .552     .0155    .553    -.009     .028    1.018E-01   -1.378E-02                             -2.200E-03
    8.0     .061     .974    -.0364    .973    -.076    -.037    1.084E-01   -1.232E-02                             -1.998E-03
    9.0     .072    1.084    -.0486   1.081    -.099    -.045    1.096E-01   -1.165E-02                             -1.947E-03
   10.0     .084    1.194    -.0597   1.190    -.124    -.050    1.062E-01   -1.268E-02                             -1.895E-03
   12.0     .111    1.391    -.0912   1.383    -.181    -.066    9.065E-02   -1.884E-02                             -1.797E-03
0                                    ALPHA     Q/QINF    EPSLON  D(EPSLON)/D(ALPHA)
0
                                     -8.0      1.000     -2.402         .423
                                     -6.0      1.000     -1.557         .426
                                     -4.0      1.000      -.696         .430
                                     -2.0      1.000       .165         .438
                                       .0      1.000      1.054         .455
                                      2.0      1.000      1.987         .477
                                      4.0      1.000      2.962         .497
                                      8.0      1.000      5.027         .534
                                      9.0      1.000      5.565         .537
                                     10.0      1.000      6.102         .509
                                     12.0      1.000      7.011         .455
1                               AUTOMATED STABILITY AND CONTROL METHODS PER APRIL 1976 VERSION OF DATCOM
                                                         DYNAMIC DERIVATIVES
                                        WING-BODY-VERTICAL TAIL-HORIZONTAL TAIL CONFIGURATION
                                          TOTAL: Elevator: Citation II Model 550 Aircraft
 
 -----------------------  FLIGHT CONDITIONS  ------------------------           --------------  REFERENCE DIMENSIONS  ------------
  MACH    ALTITUDE   VELOCITY    PRESSURE    TEMPERATURE     REYNOLDS             REF.      REFERENCE LENGTH   MOMENT REF. CENTER
 NUMBER                                                       NUMBER              AREA       LONG.     LAT.     HORIZ      VERT
             FT       FT/SEC     LB/FT**2       DEG R         1/FT               FT**2        FT        FT        FT        FT
0  .200        .00     223.27   2.1162E+03     518.670     1.4136E+06           320.800      6.750    51.700    21.900     3.125
                                                    DYNAMIC DERIVATIVES (PER DEGREE)
0           -------PITCHING-------    -----ACCELERATION------    --------------ROLLING--------------    --------YAWING--------
0   ALPHA       CLQ          CMQ           CLAD         CMAD         CLP          CYP          CNP          CNR          CLR
0
    -8.00    1.223E-01   -2.528E-01     3.679E-02   -1.034E-01   -8.861E-03   -1.135E-03    7.776E-04   -1.409E-03   -1.075E-03
    -6.00                               3.712E-02   -1.044E-01   -8.512E-03   -1.321E-03    5.123E-04   -1.435E-03   -5.152E-04
    -4.00                               3.747E-02   -1.053E-01   -8.141E-03   -1.492E-03    2.512E-04   -1.469E-03    1.968E-05
    -2.00                               3.810E-02   -1.071E-01   -7.997E-03   -1.649E-03   -6.461E-06   -1.511E-03    5.258E-04
      .00                               3.964E-02   -1.114E-01   -8.219E-03   -1.809E-03   -2.689E-04   -1.558E-03    1.039E-03
     2.00                               4.151E-02   -1.167E-01   -8.522E-03   -1.978E-03   -5.381E-04   -1.612E-03    1.573E-03
     4.00                               4.327E-02   -1.217E-01   -8.745E-03   -2.155E-03   -8.138E-04   -1.675E-03    2.125E-03
     8.00                               4.644E-02   -1.306E-01   -9.013E-03   -2.524E-03   -1.383E-03   -1.825E-03    3.258E-03
     9.00                               4.677E-02   -1.315E-01   -9.040E-03   -2.618E-03   -1.529E-03   -1.867E-03    3.543E-03
    10.00                               4.433E-02   -1.246E-01   -8.511E-03   -2.724E-03   -1.707E-03   -1.912E-03    3.829E-03
    12.00                               3.957E-02   -1.112E-01   -6.380E-03   -2.876E-03   -2.051E-03   -1.993E-03    4.285E-03
1                            AUTOMATED STABILITY AND CONTROL METHODS PER APRIL 1976 VERSION OF DATCOM
                                         CHARACTERISTICS OF HIGH LIFT AND CONTROL DEVICES
                                            TAIL PLAIN TRAILING-EDGE FLAP CONFIGURATION
                                          TOTAL: Elevator: Citation II Model 550 Aircraft
 -----------------------  FLIGHT CONDITIONS  ------------------------           --------------  REFERENCE DIMENSIONS  ------------
  MACH    ALTITUDE   VELOCITY    PRESSURE    TEMPERATURE     REYNOLDS             REF.      REFERENCE LENGTH   MOMENT REF. CENTER
 NUMBER                                                       NUMBER              AREA       LONG.     LAT.     HORIZ      VERT
             FT       FT/SEC     LB/FT**2       DEG R         1/FT               FT**2        FT        FT        FT        FT
0  .200        .00     223.27   2.1162E+03     518.670     1.4136E+06           320.800      6.750    51.700    21.900     3.125
0            ---------INCREMENTS DUE TO DEFLECTION---------              ---DERIVATIVES (PER DEGREE)---
0     DELTA     D(CL)     D(CM)    D(CL MAX)    D(CD MIN)                (CLA)D     (CH)A       (CH)D


      -20.0     -.157      .4467      .097       .01254                  NDM       1.396E-03   9.641E-03
      -15.0     -.149      .4248      .078       .00821                  NDM                   9.707E-03
      -10.0     -.105      .2997      .056       .00445                  NDM                   9.725E-03
       -5.0     -.052      .1498      .029       .00219                  NDM                   9.725E-03
         .0      .000     -.0003      .000       .00000                  NDM                   9.725E-03
        5.0      .052     -.1498      .029       .00219                  NDM                   9.725E-03
       10.0      .105     -.2997      .056       .00445                  NDM                   9.725E-03
       13.0      .134     -.3816      .070       .00671                  NDM                   9.718E-03
       16.0      .155     -.4425      .082       .00909                  NDM                   9.699E-03
0  *** NOTE * HINGE MOMENT DERIVATIVES ARE BASED ON TWICE THE AREA-MOMENT OF THE CONTROL ABOUT ITS HINGE LINE

0            --------- INDUCED DRAG COEFFICIENT INCREMENT , D(CDI) , DUE TO DEFLECTION ---------
0       DELTA = -20.0     -15.0     -10.0      -5.0        .0       5.0      10.0      13.0      16.0
   ALPHA
0
    -8.0        1.55E-02  1.43E-02  8.73E-03  3.53E-03 -5.40E-06 -1.87E-03 -2.08E-03 -1.49E-03 -7.44E-04
    -6.0        1.39E-02  1.28E-02  7.64E-03  2.99E-03 -4.31E-06 -1.33E-03 -9.91E-04 -1.02E-04  8.67E-04
    -4.0        1.23E-02  1.13E-02  6.56E-03  2.45E-03 -3.23E-06 -7.88E-04  8.67E-05  1.27E-03  2.46E-03
    -2.0        1.07E-02  9.74E-03  5.48E-03  1.91E-03 -2.16E-06 -2.49E-04  1.16E-03  2.64E-03  4.05E-03
      .0        9.09E-03  8.25E-03  4.43E-03  1.39E-03 -1.11E-06  2.76E-04  2.21E-03  3.98E-03  5.60E-03
     2.0        7.58E-03  6.82E-03  3.42E-03  8.81E-04 -9.69E-08  7.81E-04  3.22E-03  5.27E-03  7.08E-03
     4.0        6.13E-03  5.44E-03  2.45E-03  3.96E-04  8.73E-07  1.27E-03  4.19E-03  6.50E-03  8.51E-03
     8.0        3.39E-03  2.85E-03  6.25E-04 -5.19E-04  2.70E-06  2.18E-03  6.02E-03  8.84E-03  1.12E-02
     9.0        2.74E-03  2.23E-03  1.88E-04 -7.37E-04  3.14E-06  2.40E-03  6.46E-03  9.39E-03  1.19E-02
    10.0        2.08E-03  1.61E-03 -2.50E-04 -9.56E-04  3.58E-06  2.62E-03  6.90E-03  9.95E-03  1.25E-02
    12.0        5.42E-04  1.48E-04 -1.28E-03 -1.47E-03  4.61E-06  3.13E-03  7.93E-03  1.13E-02  1.40E-02
0***NDM PRINTED WHEN NO DATCOM METHODS EXIST
1 END OF JOB.
