 THIS SOFTWARE AND ANY ACCOMPANYING DOCUMENTATION
 IS RELEASED "AS IS".  THE U.S. GOVERNMENT MAKES NO
 WARRANTY OF ANY KIND, EXPRESS OR IMPLIED, CONCERNING
 THIS SOFTWARE AND ANY ACCOMPANYING DOCUMENTATION,
 INCLUDING, WITHOUT LIMITATION, ANY WARRANTIES OF
 MERCHANTABILITY OR FITNESS FOR A PARTICULAR PURPOSE.
 IN NO EVENT WILL THE U.S. GOVERNMENT BE LIABLE FOR ANY
 DAMAGES, INCLUDING LOST PROFITS, LOST SAVINGS OR OTHER
 INCIDENTAL OR CONSEQUENTIAL DAMAGES ARISING OUT OF THE 
 USE, OR INABILITY TO USE, THIS SOFTWARE OR ANY
 ACCOMPANYING DOCUMENTATION, EVEN IF INFORMED IN ADVANCE
 OF THE POSSIBILITY OF SUCH DAMAGES.








                                        ****************************************************
                                        *    USAF STABILITY AND CONTROL  DIGITAL DATCOM    *
                                        *    PROGRAM REV. JAN 96   DIRECT INQUIRIES TO:    *
                                        *   WRIGHT LABORATORY  (WL/FIGC)  ATTN: W. BLAKE   *
                                        *         WRIGHT PATTERSON AFB, OHIO  45433        *
                                        *    PHONE (513) 255-6764,   FAX (513) 258-4054    *
                                        ****************************************************
1                         CONERR - INPUT ERROR CHECKING
0 ERROR CODES - N* DENOTES THE NUMBER OF OCCURENCES OF EACH ERROR
0 A - UNKNOWN VARIABLE NAME
0 B - MISSING EQUAL SIGN FOLLOWING VARIABLE NAME
0 C - NON-ARRAY VARIABLE HAS AN ARRAY ELEMENT DESIGNATION - (N)
0 D - NON-ARRAY VARIABLE HAS MULTIPLE VALUES ASSIGNED
0 E - ASSIGNED VALUES EXCEED ARRAY DIMENSION
0 F - SYNTAX ERROR

0******************************  INPUT DATA CARDS  ******************************

 DIM FT                                                                          
 DAMP                                                                            
  $FLTCON WT=79808.0,                                                            
    LOOP=2.0,                                                                    
    NMACH=3.0, MACH(1)=0.2,0.4,0.6,                                              
    NALT=1.0, ALT(1)=0.0,                                                        
    NALPHA=20.0,                                                                 
    ALSCHD(1)= -16.0, -8.0, -6.0, -4.0, -2.0, 0.0, 2.0, 4.0, 6.0, 8.0,           
    10.0, 12.0, 14.0, 16.0, 18.0, 20.0, 25.0, 30.0, 35.0,40.0,                   
    STMACH=0.8, TSMACH=1.05, TR=1.0$                                             
  $OPTINS SREF=702.9, CBARR=22.28,                                               
    BLREF=37.15, ROUGFC=0.25E-3$                                                 
  $SYNTHS XCG=48.077, ZCG=3.370,                                                 
    XW=31.111,  ZW=6.0,  ALIW=0.0,                                               
    XH=57.6,  ZH=1.0,  ALIH=0.0,                                                 
    XV=57.0,  ZV=0.0,                                                            
    HINAX=75.0,                                                                  
    SCALE=1.0, VERTUP=.TRUE.$                                                    
  $BODY NX=13.0,                                                                 
    X(1) =0.0, 7.93,10.35,12.94,20.06,33.24,                                     
     36.56,37.00,41.81,52.73,                                                    
     66.40,79.10,81.208,                                                         
     S(1) =0.0,11.93,23.35,29.26,38.20,43.14,                                    
     43.45,78.46,84.61,82.82,                                                    
     79.37,38.27,26.62,                                                          
     P(1) =0.0,11.16,16.12,17.85,20.24,21.72,                                    
     21.68,26.04,26.77,26.55,                                                    
     26.23,20.48,18.01,                                                          
    R(1) =0.0, 1.80, 2.10, 2.36, 2.68, 2.77,                                     
     2.81, 4.99, 5.26, 5.15,                                                     
     4.99, 4.66, 4.20,                                                           
    ZU(1)=0.0, 2.89, 4.95, 5.46, 6.13, 6.51,                                     
     6.45, 6.45, 6.41, 6.29,                                                     
     6.11, 4.41, 3.86,                                                           
    ZL(1)=0.0,-0.89,-1.01,-1.11,-1.31,-1.58,                                     
     -1.58,-1.58,-1.72,-1.84,                                                    
     -2.02,-1.17,-0.95,                                                          
    BNOSE=0.0, BLN=35.0,                                                         
    BTAIL=1.0, BLA=0.0, DS=0.0,                                                  
    ITYPE=2.0, METHOD=2.0$                                                       
  $WGPLNF CHRDR=33.5667,CHRDTP=4.279,                                            
    SSPN=18.573,  SSPNE=13.5,                                                    
    SAVSI=59.0,                                                                  
    SSPNDD=3.0,DHDADI=0.0, DHDADO=-40.0,                                         
    CHSTAT=0.0, TWISTA=0.0,                                                      
    DHDADI=0.0,                                                                  
    TYPE=1.0$                                                                    
  $WGSCHR                                                                        
    LERI=0.064,CAMBER=.TRUE.,DWASH=1.0,                                          
    TYPEIN=1.0,NPTS=50.0,                                                        
     XCORD(1)= 0.0000000,0.0019367,0.0058033,0.0110136,0.0174680,                
    0.0251167,0.0339246,0.0438653,0.0549131,0.0802181,                           
    0.0944118,0.1095857,0.1257038,0.1606127,0.1793187,                           
    0.1987989,0.2190063,0.2614046,0.2834928,0.3061025,                           
    0.3291789,0.3765069,0.4006435,0.4250169,0.4495675,                           
    0.4989598,0.5236816,0.5483406,0.5728773,0.6213475,                           
    0.6451644,0.6686259,0.6916757,0.7363207,0.7578090,                           
    0.7786724,0.7988610,0.8370233,0.8549062,0.8719329,                           
    0.8880626,0.9174795,0.9306963,0.9428758,0.9539885,                           
    0.9729102,0.9806736,0.9872793,0.9927112,1.0000000,                           
    YUPPER(1)=0.0001747,0.0024112,0.0041927,0.0057952,0.0073042,                 
    0.0087762,0.0102527,0.0117370,0.0132180,0.0161195,                           
    0.0175317,0.0189115,0.0202521,0.0227819,0.0239548,                           
    0.0250582,0.0260844,0.0278762,0.0286277,0.0292744,                           
    0.0298127,0.0305363,0.0306881,0.0306717,0.0304840,                           
    0.0296486,0.0290302,0.0282922,0.0274454,0.0254685,                           
    0.0243590,0.0231831,0.0219516,0.0193642,0.0180298,                           
    0.0166846,0.0153382,0.0126885,0.0114062,0.0101642,                           
    0.0089712,0.0067539,0.0057416,0.0047991,0.0039287,                           
    0.0024199,0.0017843,0.0012277,0.0007490,0.0000000,                           
    YLOWER(1)=0.00000000,-0.0019093,-0.0030588,-0.0038740,-0.0045084,            
    -0.0050454,-0.0055414,-0.0060096,-0.0064486,-0.0072296,                      
    -0.0075806,-0.0079091,-0.0082153,-0.0087533,-0.0089813,                      
    -0.0091809,-0.0093498,-0.0095843,-0.0096441,-0.0096617,                      
    -0.0096373,-0.0094430,-0.0092436,-0.0089509,-0.0085636,                      
    -0.0075636,-0.0069804,-0.0063558,-0.0056995,-0.0043312,                      
    -0.0036367,-0.0029467,-0.0022696,-0.0009852,-0.0003926,                      
    0.00015574,0.00065432,0.00147491,0.00178625,0.00202749,                      
    0.00219599,0.00232068,0.00227976,0.00217527,0.00201379,                      
    0.00154301,0.00125246,0.00094126,0.00062318,0.0000000$                       
  $HTPLNF CHRDR=22.0, CHRDTP=1.533,                                              
    SSPN=12.05, SSPNE=8.1,                                                       
    SAVSI=64.5,                                                                  
    CHSTAT=0.0, TWISTA=0.0,                                                      
    DHDADI=-3.0,                                                                 
    TYPE=1.0$                                                                    
  $HTSCHR                                                                        
    LERI=0.064,                                                                  
    TYPEIN=1.0,                                                                  
    NPTS=47.0,                                                                   
    XCORD(1)=0.000000,0.001000,0.002000,0.003000,0.004000,0.005000,              
    0.006000,0.007000,0.007500,0.008000,0.009000,0.010000,0.012000,              
    0.012500,0.020000,0.025000,0.030000,0.035000,0.040000,0.050000,              
    0.060000,0.070000,0.075000,0.080000,0.090000,0.100000,0.120000,              
    0.150000,0.200000,0.250000,0.300000,0.350000,0.400000,0.450000,              
    0.500000,0.550000,0.600000,0.650000,0.700000,0.750000,0.800000,              
    0.850000,0.900000,0.925000,0.950000,0.975000,0.987500,1.000000,              
    YUPPER(1)=0.000000,0.003441,0.004863,0.005953,0.006870,0.007676,             
    0.008404,0.009072,0.009387,0.009692,0.010274,0.010824,0.011842,              
    0.012083,0.015215,0.016960,0.018522,0.019950,0.021256,0.023617,              
    0.025709,0.027592,0.028468,0.029307,0.030881,0.032336,0.034945,              
    0.038254,0.042556,0.045697,0.047905,0.049300,0.049946,0.049862,              
    0.049027,0.047363,0.044650,0.040438,0.035331,0.029708,0.023819,              
    0.017864,0.011910,0.008932,0.005955,0.002977,0.001489,0.000000,              
    YLOWER(1)=0.000000,-0.003441,-0.004863,-0.005953,-0.006870,                  
    -0.007676,-0.008404,-0.009072,-0.009387,-0.009692,-0.010274,                 
    -0.010824,-0.011842,-0.012083,-0.015215,-0.016960,-0.018522,                 
    -0.019950,-0.021256,-0.023617,-0.025709,-0.027592,-0.028468,                 
    -0.029307,-0.030881,-0.032336,-0.034945,-0.038254,-0.042556,                 
    -0.045697,-0.047905,-0.049300,-0.049946,-0.049862,-0.049027,                 
    -0.047363,-0.044650,-0.040438,-0.035331,-0.029708,-0.023819,                 
    -0.017864,-0.011910,-0.008932,-0.005955,-0.002977,-0.001489,                 
    0.000000$                                                                    
  $VTPLNF CHRDTP=2.4, SSPNE=12.5, SSPN=16.42, CHRDR=22.9,                        
    SAVSI=57.0, CHSTAT=0.0, TYPE=1.0$                                            
  $VTSCHR                                                                        
    LERO=0.0064,                                                                 
    TYPEIN=1.0,                                                                  
    NPTS=47.0,                                                                   
    XCORD(1)=0.000000,0.001000,0.002000,0.003000,0.004000,0.005000,0.006000,     
    0.007000,0.007500,0.008000,0.009000,0.010000,0.012000,0.012500,              
    0.020000,0.025000,0.030000,0.035000,0.040000,0.050000,0.060000,              
    0.070000,0.075000,0.080000,0.090000,0.100000,0.120000,0.150000,              
    0.200000,0.250000,0.300000,0.350000,0.400000,0.450000,0.500000,              
    0.550000,0.600000,0.650000,0.700000,0.750000,0.800000,0.850000,              
    0.900000,0.925000,0.950000,0.975000,0.987500,1.000000,                       
    YUPPER(1)=0.000000,0.003441,0.004863,0.005953,0.006870,0.007676,0.008404,    
    0.009072,0.009387,0.009692,0.010274,0.010824,0.011842,0.012083,              
    0.015215,0.016960,0.018522,0.019950,0.021256,0.023617,0.025709,              
    0.027592,0.028468,0.029307,0.030881,0.032336,0.034945,0.038254,              
    0.042556,0.045697,0.047905,0.049300,0.049946,0.049862,0.049027,              
    0.047363,0.044650,0.040438,0.035331,0.029708,0.023819,0.017864,              
    0.011910,0.008932,0.005955,0.002977,0.001489,0.000000,                       
    YLOWER(1)=0.000000,-0.003441,-0.004863,-0.005953,-0.006870,-0.007676,-0.00840
    -0.009072,-0.009387,-0.009692,-0.010274,-0.010824,-0.011842,-0.012083,       
    -0.015215,-0.016960,-0.018522,-0.019950,-0.021256,-0.023617,-0.025709,       
    -0.027592,-0.028468,-0.029307,-0.030881,-0.032336,-0.034945,-0.038254,       
    -0.042556,-0.045697,-0.047905,-0.049300,-0.049946,-0.049862,-0.049027,       
    -0.047363,-0.044650,-0.040438,-0.035331,-0.029708,-0.023819,-0.017864,       
    -0.011910,-0.008932,-0.005955,-0.002977,-0.001489,0.000000$                  
  $SYMFLP FTYPE=1.0,   NDELTA=7.0,                                               
   DELTA(1)=-10.0, -5.0, -2.0, 0.0, 2.0, 5.0, 10.0,                              
   PHETE=0.0522, PHETEP=0.0391,                                                  
   CHRDFI=1.67,  CHRDFO=1.67,                                                    
   SPANFI=4.0,  SPANFO=5.2,                                                      
   NTYPE=1.0$                                                                    
                                                                                    ** ERROR ** NO NAMELIST NAME FOLLOWING $ 
 CASEID TOTAL AIRCRAFT                                                           
1          THE FOLLOWING IS A LIST OF ALL INPUT CARDS FOR THIS CASE.
0
 DIM FT                                                                          
 DAMP                                                                            
  $FLTCON WT=79808.0,                                                            
    LOOP=2.0,                                                                    
    NMACH=3.0, MACH(1)=0.2,0.4,0.6,                                              
    NALT=1.0, ALT(1)=0.0,                                                        
    NALPHA=20.0,                                                                 
    ALSCHD(1)= -16.0, -8.0, -6.0, -4.0, -2.0, 0.0, 2.0, 4.0, 6.0, 8.0,           
    10.0, 12.0, 14.0, 16.0, 18.0, 20.0, 25.0, 30.0, 35.0,40.0,                   
    STMACH=0.8, TSMACH=1.05, TR=1.0$                                             
  $OPTINS SREF=702.9, CBARR=22.28,                                               
    BLREF=37.15, ROUGFC=0.25E-3$                                                 
  $SYNTHS XCG=48.077, ZCG=3.370,                                                 
    XW=31.111,  ZW=6.0,  ALIW=0.0,                                               
    XH=57.6,  ZH=1.0,  ALIH=0.0,                                                 
    XV=57.0,  ZV=0.0,                                                            
    HINAX=75.0,                                                                  
    SCALE=1.0, VERTUP=.TRUE.$                                                    
  $BODY NX=13.0,                                                                 
    X(1) =0.0, 7.93,10.35,12.94,20.06,33.24,                                     
     36.56,37.00,41.81,52.73,                                                    
     66.40,79.10,81.208,                                                         
     S(1) =0.0,11.93,23.35,29.26,38.20,43.14,                                    
     43.45,78.46,84.61,82.82,                                                    
     79.37,38.27,26.62,                                                          
     P(1) =0.0,11.16,16.12,17.85,20.24,21.72,                                    
     21.68,26.04,26.77,26.55,                                                    
     26.23,20.48,18.01,                                                          
    R(1) =0.0, 1.80, 2.10, 2.36, 2.68, 2.77,                                     
     2.81, 4.99, 5.26, 5.15,                                                     
     4.99, 4.66, 4.20,                                                           
    ZU(1)=0.0, 2.89, 4.95, 5.46, 6.13, 6.51,                                     
     6.45, 6.45, 6.41, 6.29,                                                     
     6.11, 4.41, 3.86,                                                           
    ZL(1)=0.0,-0.89,-1.01,-1.11,-1.31,-1.58,                                     
     -1.58,-1.58,-1.72,-1.84,                                                    
     -2.02,-1.17,-0.95,                                                          
    BNOSE=0.0, BLN=35.0,                                                         
    BTAIL=1.0, BLA=0.0, DS=0.0,                                                  
    ITYPE=2.0, METHOD=2.0$                                                       
  $WGPLNF CHRDR=33.5667,CHRDTP=4.279,                                            
    SSPN=18.573,  SSPNE=13.5,                                                    
    SAVSI=59.0,                                                                  
    SSPNDD=3.0,DHDADI=0.0, DHDADO=-40.0,                                         
    CHSTAT=0.0, TWISTA=0.0,                                                      
    DHDADI=0.0,                                                                  
    TYPE=1.0$                                                                    
  $WGSCHR                                                                        
    LERI=0.064,CAMBER=.TRUE.,DWASH=1.0,                                          
    TYPEIN=1.0,NPTS=50.0,                                                        
     XCORD(1)= 0.0000000,0.0019367,0.0058033,0.0110136,0.0174680,                
    0.0251167,0.0339246,0.0438653,0.0549131,0.0802181,                           
    0.0944118,0.1095857,0.1257038,0.1606127,0.1793187,                           
    0.1987989,0.2190063,0.2614046,0.2834928,0.3061025,                           
    0.3291789,0.3765069,0.4006435,0.4250169,0.4495675,                           
    0.4989598,0.5236816,0.5483406,0.5728773,0.6213475,                           
    0.6451644,0.6686259,0.6916757,0.7363207,0.7578090,                           
    0.7786724,0.7988610,0.8370233,0.8549062,0.8719329,                           
    0.8880626,0.9174795,0.9306963,0.9428758,0.9539885,                           
    0.9729102,0.9806736,0.9872793,0.9927112,1.0000000,                           
    YUPPER(1)=0.0001747,0.0024112,0.0041927,0.0057952,0.0073042,                 
    0.0087762,0.0102527,0.0117370,0.0132180,0.0161195,                           
    0.0175317,0.0189115,0.0202521,0.0227819,0.0239548,                           
    0.0250582,0.0260844,0.0278762,0.0286277,0.0292744,                           
    0.0298127,0.0305363,0.0306881,0.0306717,0.0304840,                           
    0.0296486,0.0290302,0.0282922,0.0274454,0.0254685,                           
    0.0243590,0.0231831,0.0219516,0.0193642,0.0180298,                           
    0.0166846,0.0153382,0.0126885,0.0114062,0.0101642,                           
    0.0089712,0.0067539,0.0057416,0.0047991,0.0039287,                           
    0.0024199,0.0017843,0.0012277,0.0007490,0.0000000,                           
    YLOWER(1)=0.00000000,-0.0019093,-0.0030588,-0.0038740,-0.0045084,            
    -0.0050454,-0.0055414,-0.0060096,-0.0064486,-0.0072296,                      
    -0.0075806,-0.0079091,-0.0082153,-0.0087533,-0.0089813,                      
    -0.0091809,-0.0093498,-0.0095843,-0.0096441,-0.0096617,                      
    -0.0096373,-0.0094430,-0.0092436,-0.0089509,-0.0085636,                      
    -0.0075636,-0.0069804,-0.0063558,-0.0056995,-0.0043312,                      
    -0.0036367,-0.0029467,-0.0022696,-0.0009852,-0.0003926,                      
    0.00015574,0.00065432,0.00147491,0.00178625,0.00202749,                      
    0.00219599,0.00232068,0.00227976,0.00217527,0.00201379,                      
    0.00154301,0.00125246,0.00094126,0.00062318,0.0000000$                       
  $HTPLNF CHRDR=22.0, CHRDTP=1.533,                                              
    SSPN=12.05, SSPNE=8.1,                                                       
    SAVSI=64.5,                                                                  
    CHSTAT=0.0, TWISTA=0.0,                                                      
    DHDADI=-3.0,                                                                 
    TYPE=1.0$                                                                    
  $HTSCHR                                                                        
    LERI=0.064,                                                                  
    TYPEIN=1.0,                                                                  
    NPTS=47.0,                                                                   
    XCORD(1)=0.000000,0.001000,0.002000,0.003000,0.004000,0.005000,              
    0.006000,0.007000,0.007500,0.008000,0.009000,0.010000,0.012000,              
    0.012500,0.020000,0.025000,0.030000,0.035000,0.040000,0.050000,              
    0.060000,0.070000,0.075000,0.080000,0.090000,0.100000,0.120000,              
    0.150000,0.200000,0.250000,0.300000,0.350000,0.400000,0.450000,              
    0.500000,0.550000,0.600000,0.650000,0.700000,0.750000,0.800000,              
    0.850000,0.900000,0.925000,0.950000,0.975000,0.987500,1.000000,              
    YUPPER(1)=0.000000,0.003441,0.004863,0.005953,0.006870,0.007676,             
    0.008404,0.009072,0.009387,0.009692,0.010274,0.010824,0.011842,              
    0.012083,0.015215,0.016960,0.018522,0.019950,0.021256,0.023617,              
    0.025709,0.027592,0.028468,0.029307,0.030881,0.032336,0.034945,              
    0.038254,0.042556,0.045697,0.047905,0.049300,0.049946,0.049862,              
    0.049027,0.047363,0.044650,0.040438,0.035331,0.029708,0.023819,              
    0.017864,0.011910,0.008932,0.005955,0.002977,0.001489,0.000000,              
    YLOWER(1)=0.000000,-0.003441,-0.004863,-0.005953,-0.006870,                  
    -0.007676,-0.008404,-0.009072,-0.009387,-0.009692,-0.010274,                 
    -0.010824,-0.011842,-0.012083,-0.015215,-0.016960,-0.018522,                 
    -0.019950,-0.021256,-0.023617,-0.025709,-0.027592,-0.028468,                 
    -0.029307,-0.030881,-0.032336,-0.034945,-0.038254,-0.042556,                 
    -0.045697,-0.047905,-0.049300,-0.049946,-0.049862,-0.049027,                 
    -0.047363,-0.044650,-0.040438,-0.035331,-0.029708,-0.023819,                 
    -0.017864,-0.011910,-0.008932,-0.005955,-0.002977,-0.001489,                 
    0.000000$                                                                    
  $VTPLNF CHRDTP=2.4, SSPNE=12.5, SSPN=16.42, CHRDR=22.9,                        
    SAVSI=57.0, CHSTAT=0.0, TYPE=1.0$                                            
  $VTSCHR                                                                        
    LERO=0.0064,                                                                 
    TYPEIN=1.0,                                                                  
    NPTS=47.0,                                                                   
    XCORD(1)=0.000000,0.001000,0.002000,0.003000,0.004000,0.005000,0.006000,     
    0.007000,0.007500,0.008000,0.009000,0.010000,0.012000,0.012500,              
    0.020000,0.025000,0.030000,0.035000,0.040000,0.050000,0.060000,              
    0.070000,0.075000,0.080000,0.090000,0.100000,0.120000,0.150000,              
    0.200000,0.250000,0.300000,0.350000,0.400000,0.450000,0.500000,              
    0.550000,0.600000,0.650000,0.700000,0.750000,0.800000,0.850000,              
    0.900000,0.925000,0.950000,0.975000,0.987500,1.000000,                       
    YUPPER(1)=0.000000,0.003441,0.004863,0.005953,0.006870,0.007676,0.008404,    
    0.009072,0.009387,0.009692,0.010274,0.010824,0.011842,0.012083,              
    0.015215,0.016960,0.018522,0.019950,0.021256,0.023617,0.025709,              
    0.027592,0.028468,0.029307,0.030881,0.032336,0.034945,0.038254,              
    0.042556,0.045697,0.047905,0.049300,0.049946,0.049862,0.049027,              
    0.047363,0.044650,0.040438,0.035331,0.029708,0.023819,0.017864,              
    0.011910,0.008932,0.005955,0.002977,0.001489,0.000000,                       
    YLOWER(1)=0.000000,-0.003441,-0.004863,-0.005953,-0.006870,-0.007676,-0.00840
    -0.009072,-0.009387,-0.009692,-0.010274,-0.010824,-0.011842,-0.012083,       
    -0.015215,-0.016960,-0.018522,-0.019950,-0.021256,-0.023617,-0.025709,       
    -0.027592,-0.028468,-0.029307,-0.030881,-0.032336,-0.034945,-0.038254,       
    -0.042556,-0.045697,-0.047905,-0.049300,-0.049946,-0.049862,-0.049027,       
    -0.047363,-0.044650,-0.040438,-0.035331,-0.029708,-0.023819,-0.017864,       
    -0.011910,-0.008932,-0.005955,-0.002977,-0.001489,0.000000$                  
  $SYMFLP FTYPE=1.0,   NDELTA=7.0,                                               
   DELTA(1)=-10.0, -5.0, -2.0, 0.0, 2.0, 5.0, 10.0,                              
   PHETE=0.0522, PHETEP=0.0391,                                                  
   CHRDFI=1.67,  CHRDFO=1.67,                                                    
   SPANFI=4.0,  SPANFO=5.2,                                                      
   NTYPE=1.0$                                                                    
                                                                                 
 CASEID TOTAL AIRCRAFT                                                           
0 INPUT DIMENSIONS ARE IN FT, SCALE FACTOR IS 1.0000

1                             AUTOMATED STABILITY AND CONTROL METHODS PER APRIL 1976 VERSION OF DATCOM   
                                                        USER DEFINED WING SECTION
     UPPER ABSCISSA     UPPER ORDINATE     LOWER ABSCISSA     LOWER ORDINATE      X-FRACTION CHORD    MEAN LINE    THICKNESS
          .00000             .00000            .00000            .00000               .00000            .00000        .00000
          .00169             .00240            .00218           -.00190               .00194            .00025        .00432
          .00552             .00418            .00609           -.00305               .00580            .00057        .00725
          .01067             .00578            .01136           -.00386               .01101            .00096        .00967
          .01709             .00729            .01785           -.00450               .01747            .00140        .01181
          .02471             .00876            .02552           -.00503               .02512            .00187        .01382
          .03350             .01024            .03435           -.00553               .03392            .00236        .01579
          .04343             .01173            .04430           -.00600               .04387            .00286        .01775
          .05447             .01321            .05536           -.00644               .05491            .00338        .01967
          .07976             .01611            .08067           -.00722               .08022            .00444        .02335
          .09396             .01752            .09486           -.00757               .09441            .00498        .02511
          .10914             .01890            .11003           -.00790               .10959            .00550        .02682
          .12526             .02025            .12614           -.00821               .12570            .00602        .02847
          .16020             .02278            .16103           -.00875               .16061            .00701        .03154
          .17892             .02395            .17972           -.00898               .17932            .00749        .03294
          .19842             .02505            .19918           -.00918               .19880            .00794        .03424
          .21865             .02608            .21937           -.00935               .21901            .00837        .03543
          .26109             .02787            .26172           -.00958               .26140            .00915        .03746
          .28321             .02863            .28378           -.00964               .28349            .00949        .03827
          .30585             .02927            .30636           -.00966               .30610            .00981        .03894
          .32895             .02981            .32940           -.00964               .32918            .01009        .03945
          .37635             .03054            .37667           -.00944               .37651            .01055        .03998
          .40051             .03069            .40077           -.00924               .40064            .01072        .03993
          .42492             .03067            .42511           -.00895               .42502            .01086        .03962
          .44950             .03048            .44963           -.00856               .44957            .01096        .03905
          .49896             .02965            .49896           -.00756               .49896            .01104        .03721
          .52371             .02903            .52365           -.00698               .52368            .01102        .03601
          .54839             .02829            .54829           -.00636               .54834            .01097        .03465
          .57295             .02745            .57280           -.00570               .57288            .01087        .03314
          .62147             .02547            .62123           -.00433               .62135            .01057        .02980
          .64530             .02436            .64503           -.00364               .64516            .01036        .02800
          .66877             .02318            .66848           -.00295               .66863            .01012        .02613
          .69183             .02195            .69152           -.00227               .69168            .00984        .02422
          .73649             .01936            .73615           -.00098               .73632            .00919        .02035
          .75798             .01803            .75764           -.00039               .75781            .00882        .01842
          .77884             .01668            .77851            .00016               .77867            .00842        .01653
          .79902             .01534            .79870            .00066               .79886            .00800        .01468
          .83717             .01269            .83688            .00148               .83702            .00708        .01121
          .85504             .01140            .85477            .00179               .85491            .00660        .00962
          .87206             .01016            .87181            .00203               .87193            .00610        .00814
          .88817             .00897            .88795            .00220               .88806            .00558        .00678
          .91756             .00675            .91739            .00232               .91748            .00454        .00443
          .93077             .00574            .93062            .00228               .93070            .00401        .00346
          .94293             .00480            .94282            .00218               .94288            .00349        .00262
          .95403             .00393            .95394            .00201               .95399            .00297        .00191
          .97294             .00242            .97289            .00154               .97291            .00198        .00088
          .98069             .00178            .98066            .00125               .98067            .00152        .00053
          .98729             .00123            .98727            .00094               .98728            .00108        .00029
          .99272             .00075            .99271            .00062               .99271            .00069        .00013
         1.00000             .00000           1.00000            .00000              1.00000            .00000        .00000
1                             AUTOMATED STABILITY AND CONTROL METHODS PER APRIL 1976 VERSION OF DATCOM   
                                                        WING SECTION DEFINITION
0                                 IDEAL ANGLE OF ATTACK =   -.00080 DEG.

                              ZERO LIFT ANGLE OF ATTACK =  -1.96652 DEG.

                                 IDEAL LIFT COEFFICIENT =    .19603

                  ZERO LIFT PITCHING MOMENT COEFFICIENT =   -.03986

                             MACH ZERO LIFT-CURVE-SLOPE =    .08888 /DEG.

                                    LEADING EDGE RADIUS =    .06400 FRACTION CHORD

                              MAXIMUM AIRFOIL THICKNESS =    .03998 FRACTION CHORD

                                                DELTA-Y =    .85303 PERCENT CHORD


0                         MACH=  .2000 LIFT-CURVE-SLOPE =    .09046 /DEG.      XAC =    .29544
0                         MACH=  .4000 LIFT-CURVE-SLOPE =    .09597 /DEG.      XAC =    .29711
0                         MACH=  .6000 LIFT-CURVE-SLOPE =    .10943 /DEG.      XAC =    .29719
1                             AUTOMATED STABILITY AND CONTROL METHODS PER APRIL 1976 VERSION OF DATCOM   
                                                   USER DEFINED HORIZONTAL TAIL SECTION
     UPPER ABSCISSA     UPPER ORDINATE     LOWER ABSCISSA     LOWER ORDINATE      X-FRACTION CHORD    MEAN LINE    THICKNESS
          .00000             .00000            .00000            .00000               .00000            .00000        .00000
          .00100             .00344            .00100           -.00344               .00100            .00000        .00688
          .00200             .00486            .00200           -.00486               .00200            .00000        .00973
          .00300             .00595            .00300           -.00595               .00300            .00000        .01191
          .00400             .00687            .00400           -.00687               .00400            .00000        .01374
          .00500             .00768            .00500           -.00768               .00500            .00000        .01535
          .00600             .00840            .00600           -.00840               .00600            .00000        .01681
          .00700             .00907            .00700           -.00907               .00700            .00000        .01814
          .00750             .00939            .00750           -.00939               .00750            .00000        .01877
          .00800             .00969            .00800           -.00969               .00800            .00000        .01938
          .00900             .01027            .00900           -.01027               .00900            .00000        .02055
          .01000             .01082            .01000           -.01082               .01000            .00000        .02165
          .01200             .01184            .01200           -.01184               .01200            .00000        .02368
          .01250             .01208            .01250           -.01208               .01250            .00000        .02417
          .02000             .01522            .02000           -.01522               .02000            .00000        .03043
          .02500             .01696            .02500           -.01696               .02500            .00000        .03392
          .03000             .01852            .03000           -.01852               .03000            .00000        .03704
          .03500             .01995            .03500           -.01995               .03500            .00000        .03990
          .04000             .02126            .04000           -.02126               .04000            .00000        .04251
          .05000             .02362            .05000           -.02362               .05000            .00000        .04723
          .06000             .02571            .06000           -.02571               .06000            .00000        .05142
          .07000             .02759            .07000           -.02759               .07000            .00000        .05518
          .07500             .02847            .07500           -.02847               .07500            .00000        .05694
          .08000             .02931            .08000           -.02931               .08000            .00000        .05861
          .09000             .03088            .09000           -.03088               .09000            .00000        .06176
          .10000             .03234            .10000           -.03234               .10000            .00000        .06467
          .12000             .03494            .12000           -.03494               .12000            .00000        .06989
          .15000             .03825            .15000           -.03825               .15000            .00000        .07651
          .20000             .04256            .20000           -.04256               .20000            .00000        .08511
          .25000             .04570            .25000           -.04570               .25000            .00000        .09139
          .30000             .04791            .30000           -.04791               .30000            .00000        .09581
          .35000             .04930            .35000           -.04930               .35000            .00000        .09860
          .40000             .04995            .40000           -.04995               .40000            .00000        .09989
          .45000             .04986            .45000           -.04986               .45000            .00000        .09972
          .50000             .04903            .50000           -.04903               .50000            .00000        .09805
          .55000             .04736            .55000           -.04736               .55000            .00000        .09473
          .60000             .04465            .60000           -.04465               .60000            .00000        .08930
          .65000             .04044            .65000           -.04044               .65000            .00000        .08088
          .70000             .03533            .70000           -.03533               .70000            .00000        .07066
          .75000             .02971            .75000           -.02971               .75000            .00000        .05942
          .80000             .02382            .80000           -.02382               .80000            .00000        .04764
          .85000             .01786            .85000           -.01786               .85000            .00000        .03573
          .90000             .01191            .90000           -.01191               .90000            .00000        .02382
          .92500             .00893            .92500           -.00893               .92500            .00000        .01786
          .95000             .00595            .95000           -.00595               .95000            .00000        .01191
          .97500             .00298            .97500           -.00298               .97500            .00000        .00595
         1.00000             .00000           1.00000            .00000               .98750            .00000        .00000
1                             AUTOMATED STABILITY AND CONTROL METHODS PER APRIL 1976 VERSION OF DATCOM   
                                                   HORIZONTAL TAIL SECTION DEFINITION
0                                 IDEAL ANGLE OF ATTACK =    .00000 DEG.

                              ZERO LIFT ANGLE OF ATTACK =    .00000 DEG.

                                 IDEAL LIFT COEFFICIENT =    .00000

                  ZERO LIFT PITCHING MOMENT COEFFICIENT =    .00000

                             MACH ZERO LIFT-CURVE-SLOPE =    .08677 /DEG.

                                    LEADING EDGE RADIUS =    .06400 FRACTION CHORD

                              MAXIMUM AIRFOIL THICKNESS =    .09989 FRACTION CHORD

                                                DELTA-Y =   2.15570 PERCENT CHORD


0                         MACH=  .2000 LIFT-CURVE-SLOPE =    .08830 /DEG.      XAC =    .28550
0                         MACH=  .4000 LIFT-CURVE-SLOPE =    .09359 /DEG.      XAC =    .28684
0                         MACH=  .6000 LIFT-CURVE-SLOPE =    .10562 /DEG.      XAC =    .28939
1                             AUTOMATED STABILITY AND CONTROL METHODS PER APRIL 1976 VERSION OF DATCOM   
                                                   USER DEFINED VERTICAL TAIL SECTION 
     UPPER ABSCISSA     UPPER ORDINATE     LOWER ABSCISSA     LOWER ORDINATE      X-FRACTION CHORD    MEAN LINE    THICKNESS
          .00000             .00000            .00000            .00000               .00000            .00000        .00000
          .00100             .00344            .00100           -.00344               .00100            .00000        .00688
          .00200             .00486            .00200           -.00486               .00200            .00000        .00973
          .00300             .00595            .00300           -.00595               .00300            .00000        .01191
          .00400             .00687            .00400           -.00687               .00400            .00000        .01374
          .00499             .00768            .00501           -.00768               .00500            .00000        .01535
          .00600             .00840            .00600           -.00840               .00600            .00000        .01680
          .00701             .00907            .00699           -.00907               .00700            .00000        .01814
          .00750             .00939            .00750           -.00939               .00750            .00000        .01877
          .00800             .00969            .00800           -.00969               .00800            .00000        .01938
          .00900             .01027            .00900           -.01027               .00900            .00000        .02055
          .01000             .01082            .01000           -.01082               .01000            .00000        .02165
          .01200             .01184            .01200           -.01184               .01200            .00000        .02368
          .01250             .01208            .01250           -.01208               .01250            .00000        .02417
          .02000             .01522            .02000           -.01522               .02000            .00000        .03043
          .02500             .01696            .02500           -.01696               .02500            .00000        .03392
          .03000             .01852            .03000           -.01852               .03000            .00000        .03704
          .03500             .01995            .03500           -.01995               .03500            .00000        .03990
          .04000             .02126            .04000           -.02126               .04000            .00000        .04251
          .05000             .02362            .05000           -.02362               .05000            .00000        .04723
          .06000             .02571            .06000           -.02571               .06000            .00000        .05142
          .07000             .02759            .07000           -.02759               .07000            .00000        .05518
          .07500             .02847            .07500           -.02847               .07500            .00000        .05694
          .08000             .02931            .08000           -.02931               .08000            .00000        .05861
          .09000             .03088            .09000           -.03088               .09000            .00000        .06176
          .10000             .03234            .10000           -.03234               .10000            .00000        .06467
          .12000             .03494            .12000           -.03494               .12000            .00000        .06989
          .15000             .03825            .15000           -.03825               .15000            .00000        .07651
          .20000             .04256            .20000           -.04256               .20000            .00000        .08511
          .25000             .04570            .25000           -.04570               .25000            .00000        .09139
          .30000             .04791            .30000           -.04791               .30000            .00000        .09581
          .35000             .04930            .35000           -.04930               .35000            .00000        .09860
          .40000             .04995            .40000           -.04995               .40000            .00000        .09989
          .45000             .04986            .45000           -.04986               .45000            .00000        .09972
          .50000             .04903            .50000           -.04903               .50000            .00000        .09805
          .55000             .04736            .55000           -.04736               .55000            .00000        .09473
          .60000             .04465            .60000           -.04465               .60000            .00000        .08930
          .65000             .04044            .65000           -.04044               .65000            .00000        .08088
          .70000             .03533            .70000           -.03533               .70000            .00000        .07066
          .75000             .02971            .75000           -.02971               .75000            .00000        .05942
          .80000             .02382            .80000           -.02382               .80000            .00000        .04764
          .85000             .01786            .85000           -.01786               .85000            .00000        .03573
          .90000             .01191            .90000           -.01191               .90000            .00000        .02382
          .92500             .00893            .92500           -.00893               .92500            .00000        .01786
          .95000             .00595            .95000           -.00595               .95000            .00000        .01191
          .97500             .00298            .97500           -.00298               .97500            .00000        .00595
         1.00000             .00000           1.00000            .00000               .98750            .00000        .00000
1                             AUTOMATED STABILITY AND CONTROL METHODS PER APRIL 1976 VERSION OF DATCOM   
                                                    VERTICAL TAIL SECTION DEFINITION
0                                 IDEAL ANGLE OF ATTACK =    .00000 DEG.

                              ZERO LIFT ANGLE OF ATTACK =    .00000 DEG.

                                 IDEAL LIFT COEFFICIENT =    .00000

                  ZERO LIFT PITCHING MOMENT COEFFICIENT =    .00000

                             MACH ZERO LIFT-CURVE-SLOPE =    .09281 /DEG.

                                    LEADING EDGE RADIUS =    .00642 FRACTION CHORD

                              MAXIMUM AIRFOIL THICKNESS =    .09989 FRACTION CHORD

                                                DELTA-Y =   2.15570 PERCENT CHORD


0                         MACH=  .2000 LIFT-CURVE-SLOPE =    .09453 /DEG.      XAC =    .26457
0                         MACH=  .4000 LIFT-CURVE-SLOPE =    .10048 /DEG.      XAC =    .26505
0                         MACH=  .6000 LIFT-CURVE-SLOPE =    .11405 /DEG.      XAC =    .26594
 WARNING*** BODY ALONE DYNAMIC DERIVATIVE METHOD VALID FOR NOSE CYLINDER ONLY
            TAIL EFFECTS IGNORED]
1                               AUTOMATED STABILITY AND CONTROL METHODS PER APRIL 1976 VERSION OF DATCOM
                                         CHARACTERISTICS AT ANGLE OF ATTACK AND IN SIDESLIP
                                        WING-BODY-VERTICAL TAIL-HORIZONTAL TAIL CONFIGURATION
                                                          TOTAL AIRCRAFT
 
 -----------------------  FLIGHT CONDITIONS  ------------------------           --------------  REFERENCE DIMENSIONS  ------------
  MACH    ALTITUDE   VELOCITY    PRESSURE    TEMPERATURE     REYNOLDS             REF.      REFERENCE LENGTH   MOMENT REF. CENTER
 NUMBER                                                       NUMBER              AREA       LONG.     LAT.     HORIZ      VERT
             FT       FT/SEC     LB/FT**2       DEG R         1/FT               FT**2        FT        FT        FT        FT
0  .200        .00     223.27   2.1162+003     518.670     1.4136+006           702.900     22.280    37.150    48.077     3.370
0                                                               -------------------DERIVATIVE (PER DEGREE)-------------------
0 ALPHA     CD       CL       CM       CN       CA       XCP        CLA          CMA          CYB          CNB          CLB
0
  -16.0     .095    -.703     .0581   -.702    -.102    -.083    5.792-002   -3.912-003   -1.534-002    2.226-003    7.077-004
   -8.0     .027    -.281     .0221   -.282    -.012    -.078    4.705-002   -2.375-003                             -1.238-003
   -6.0     .020    -.190     .0184   -.191     .000    -.096    4.346-002   -1.022-003                             -1.655-003
   -4.0     .015    -.107     .0180   -.108     .008    -.167    3.988-002   -6.514-004                             -2.032-003
   -2.0     .013    -.030     .0158   -.031     .012    -.515    3.859-002   -2.100-003                             -2.362-003
     .0     .014     .047     .0096    .047     .014     .203    4.051-002   -4.185-003                             -2.676-003
    2.0     .017     .132    -.0010    .132     .012    -.007    4.430-002   -6.212-003                             -3.022-003
    4.0     .023     .224    -.0153    .225     .007    -.068    4.789-002   -7.778-003                             -3.412-003
    6.0     .032     .323    -.0321    .325    -.002    -.099    5.110-002   -9.095-003                             -3.841-003
    8.0     .046     .429    -.0516    .431    -.014    -.120    5.413-002   -1.041-002                             -4.303-003
   10.0     .064     .540    -.0737    .543    -.031    -.136    5.674-002   -1.112-002                             -4.792-003
   12.0     .086     .656    -.0961    .659    -.052    -.146    5.747-002   -1.192-002                             -5.303-003
   14.0     .112     .770    -.1214    .774    -.078    -.157    5.805-002   -1.698-002                             -5.786-003
   16.0     .141     .888    -.1641    .892    -.109    -.184    5.776-002   -2.181-002                             -6.228-003
   18.0     .172    1.001    -.2086   1.005    -.146    -.208    5.507-002   -2.302-002                             -6.626-003
   20.0     .205    1.108    -.2561   1.111    -.186    -.230    5.332-002   -2.576-002                             -6.973-003
   25.0     .290    1.370    -.4100   1.365    -.316    -.300    4.484-002   -2.934-002                             -7.622-003
   30.0     .360    1.557    -.5495   1.528    -.467    -.360    1.933-002   -1.658-002                             -7.782-003
   35.0     .356    1.564    -.5758   1.485    -.605    -.388   -2.541-002    1.552-002                             -7.102-003
   40.0     .280    1.303    -.3943   1.178    -.623    -.335   -7.901-002    5.710-002                             -5.467-003
0                                    ALPHA     Q/QINF    EPSLON  D(EPSLON)/D(ALPHA)
0
                                    -16.0      1.000    -12.323         .778
                                     -8.0      1.000     -6.098         .922
                                     -6.0      1.000     -4.183        1.012
                                     -4.0      1.000     -2.050        1.041
                                     -2.0      1.000      -.020         .971
                                       .0      1.000      1.836         .895
                                      2.0      1.000      3.562         .836
                                      4.0      1.000      5.181         .798
                                      6.0      1.000      6.754         .757
                                      8.0      1.000      8.210         .693
                                     10.0      1.000      9.528         .618
                                     12.0      1.000     10.683         .511
                                     14.0      1.000     11.571         .235
                                     16.0      1.000     11.621         .014
                                     18.0      1.000     11.628        -.023
                                     20.0      1.000     11.530        -.136
                                     25.0      1.000      9.756        -.499
                                     30.0      1.000      6.543        -.932
                                     35.0      1.000       .440        -.654
                                     40.0      1.000       .000        -.088
1                               AUTOMATED STABILITY AND CONTROL METHODS PER APRIL 1976 VERSION OF DATCOM
                                                         DYNAMIC DERIVATIVES
                                        WING-BODY-VERTICAL TAIL-HORIZONTAL TAIL CONFIGURATION
                                                          TOTAL AIRCRAFT
 
 -----------------------  FLIGHT CONDITIONS  ------------------------           --------------  REFERENCE DIMENSIONS  ------------
  MACH    ALTITUDE   VELOCITY    PRESSURE    TEMPERATURE     REYNOLDS             REF.      REFERENCE LENGTH   MOMENT REF. CENTER
 NUMBER                                                       NUMBER              AREA       LONG.     LAT.     HORIZ      VERT
             FT       FT/SEC     LB/FT**2       DEG R         1/FT               FT**2        FT        FT        FT        FT
0  .200        .00     223.27   2.1162+003     518.670     1.4136+006           702.900     22.280    37.150    48.077     3.370
                                                    DYNAMIC DERIVATIVES (PER DEGREE)
0           -------PITCHING-------    -----ACCELERATION------    --------------ROLLING--------------    --------YAWING--------
0   ALPHA       CLQ          CMQ           CLAD         CMAD         CLP          CYP          CNP          CNR          CLR
0
   -16.00    7.183-002   -6.227-002     3.307-002   -4.144-002   -4.689-003   -4.035-003    1.549-003   -5.925-003    3.126-004
    -8.00                               3.917-002   -4.909-002   -3.561-003   -1.219-003    8.971-004   -6.183-003    6.751-004
    -6.00                               4.301-002   -5.390-002   -3.308-003   -5.339-004    6.991-004   -6.257-003    7.206-004
    -4.00                               4.423-002   -5.543-002   -3.034-003    1.874-004    4.731-004   -6.331-003    7.452-004
    -2.00                               4.128-002   -5.174-002   -2.875-003    9.305-004    2.232-004   -6.402-003    7.476-004
      .00                               3.805-002   -4.769-002   -2.959-003    1.674-003   -2.993-005   -6.468-003    7.455-004
     2.00                               3.554-002   -4.454-002   -3.166-003    2.398-003   -2.650-004   -6.531-003    7.570-004
     4.00                               3.391-002   -4.250-002   -3.371-003    3.093-003   -4.787-004   -6.592-003    7.813-004
     6.00                               3.218-002   -4.033-002   -3.572-003    3.767-003   -6.740-004   -6.655-003    8.172-004
     8.00                               2.947-002   -3.693-002   -3.768-003    4.432-003   -8.559-004   -6.719-003    8.635-004
    10.00                               2.627-002   -3.292-002   -3.959-003    5.106-003   -1.032-003   -6.787-003    9.188-004
    12.00                               2.171-002   -2.721-002   -4.002-003    5.939-003   -1.283-003   -6.859-003    9.814-004
    14.00                               9.972-003   -1.250-002   -3.914-003    6.953-003   -1.628-003   -6.926-003    1.028-003
    16.00                               5.996-004   -7.515-004   -3.847-003    8.062-003   -2.010-003   -6.983-003    1.061-003
    18.00                              -9.729-004    1.219-003   -3.761-003    9.294-003   -2.446-003   -7.029-003    1.081-003
    20.00                              -5.798-003    7.266-003   -3.614-003    1.072-002   -2.966-003   -7.058-003    1.083-003
    25.00                              -2.119-002    2.656-002   -3.035-003    1.482-002   -4.488-003   -7.018-003    9.906-004
    30.00                              -3.959-002    4.962-002   -1.886-003    2.024-002   -6.296-003   -6.754-003    7.216-004
    35.00                              -2.780-002    3.485-002   -2.375-004    3.330-002   -8.144-003   -6.139-003    1.244-004
    40.00                              -3.738-003    4.685-003    1.445-003   -2.672+001   -3.384+000   -5.261-003   -7.713-004
0*** VEHICLE WEIGHT =  79808.00 LB.
0*** LEVEL FLIGHT LIFT COEFFICIENT = 1.91616
1                            AUTOMATED STABILITY AND CONTROL METHODS PER APRIL 1976 VERSION OF DATCOM
                                         CHARACTERISTICS OF HIGH LIFT AND CONTROL DEVICES
                                            TAIL PLAIN TRAILING-EDGE FLAP CONFIGURATION
                                                          TOTAL AIRCRAFT
 -----------------------  FLIGHT CONDITIONS  ------------------------           --------------  REFERENCE DIMENSIONS  ------------
  MACH    ALTITUDE   VELOCITY    PRESSURE    TEMPERATURE     REYNOLDS             REF.      REFERENCE LENGTH   MOMENT REF. CENTER
 NUMBER                                                       NUMBER              AREA       LONG.     LAT.     HORIZ      VERT
             FT       FT/SEC     LB/FT**2       DEG R         1/FT               FT**2        FT        FT        FT        FT
0  .200        .00     223.27   2.1162+003     518.670     1.4136+006           702.900     22.280    37.150    48.077     3.370
0            ---------INCREMENTS DUE TO DEFLECTION---------              ---DERIVATIVES (PER DEGREE)---
0     DELTA     D(CL)     D(CM)    D(CL MAX)    D(CD MIN)                (CLA)D     (CH)A       (CH)D


      -10.0     -.006      .0062      .006       .00010                  NDM      -1.656-003  -5.802-003
       -5.0     -.003      .0032      .003       .00004                  NDM                  -5.802-003
       -2.0     -.001      .0013      .001       .00001                  NDM                  -5.802-003
         .0      .000      .0000      .000       .00000                  NDM                  -5.802-003
        2.0      .001     -.0013      .001       .00001                  NDM                  -5.802-003
        5.0      .003     -.0032      .003       .00004                  NDM                  -5.802-003
       10.0      .006     -.0063      .006       .00010                  NDM                  -5.802-003
0  *** NOTE * HINGE MOMENT DERIVATIVES ARE BASED ON TWICE THE AREA-MOMENT OF THE CONTROL ABOUT ITS HINGE LINE

0            --------- INDUCED DRAG COEFFICIENT INCREMENT , D(CDI) , DUE TO DEFLECTION ---------
0       DELTA = -10.0      -5.0      -2.0        .0       2.0       5.0      10.0
   ALPHA
0
   -16.0        1.01-004  4.59-005  1.73-005 -8.30-008 -1.59-005 -3.71-005 -6.54-005
    -8.0        1.37-005  2.49-006 -5.85-008  3.82-009  1.46-006  6.29-006  2.13-005
    -6.0        9.60-006  4.13-007 -8.87-007  7.96-009  2.29-006  8.36-006  2.55-005
    -4.0        1.61-005  3.66-006  4.12-007  1.47-009  9.91-007  5.11-006  1.90-005
    -2.0        1.76-005  4.41-006  7.10-007 -2.36-011  6.94-007  4.37-006  1.75-005
      .0        1.05-005  8.75-007 -7.03-007  7.04-009  2.11-006  7.90-006  2.46-005
     2.0       -2.86-006 -5.82-006 -3.38-006  2.04-008  4.78-006  1.46-005  3.80-005
     4.0       -2.15-005 -1.51-005 -7.10-006  3.91-008  8.51-006  2.39-005  5.66-005
     6.0       -4.24-005 -2.56-005 -1.13-005  5.99-008  1.27-005  3.43-005  7.75-005
     8.0       -6.90-005 -3.89-005 -1.66-005  8.66-008  1.80-005  4.76-005  1.04-004
    10.0       -1.02-004 -5.55-005 -2.33-005  1.20-007  2.47-005  6.43-005  1.37-004
    12.0       -1.44-004 -7.62-005 -3.15-005  1.61-007  3.29-005  8.50-005  1.79-004
    14.0       -1.98-004 -1.03-004 -4.24-005  2.15-007  4.38-005  1.12-004  2.33-004
    16.0       -2.93-004 -1.51-004 -6.15-005  3.11-007  6.29-005  1.60-004  3.28-004
    18.0       -3.91-004 -2.00-004 -8.10-005  4.08-007  8.24-005  2.09-004  4.26-004
    20.0       -4.93-004 -2.51-004 -1.01-004  5.09-007  1.03-004  2.60-004  5.28-004
    25.0       -8.25-004 -4.17-004 -1.68-004  8.36-007  1.69-004  4.25-004  8.60-004
    30.0       -1.23-003 -6.17-004 -2.48-004  1.25-006  2.49-004  6.26-004  1.26-003
    35.0       -1.77-003 -8.89-004 -3.57-004  1.81-006  3.58-004  8.98-004  1.80-003
    40.0       -2.03-003 -1.02-003 -4.10-004  2.06-006  4.11-004  1.03-003  2.07-003
0***NDM PRINTED WHEN NO DATCOM METHODS EXIST
 WARNING*** BODY ALONE DYNAMIC DERIVATIVE METHOD VALID FOR NOSE CYLINDER ONLY
            TAIL EFFECTS IGNORED]
1                               AUTOMATED STABILITY AND CONTROL METHODS PER APRIL 1976 VERSION OF DATCOM
                                         CHARACTERISTICS AT ANGLE OF ATTACK AND IN SIDESLIP
                                        WING-BODY-VERTICAL TAIL-HORIZONTAL TAIL CONFIGURATION
                                                          TOTAL AIRCRAFT
 
 -----------------------  FLIGHT CONDITIONS  ------------------------           --------------  REFERENCE DIMENSIONS  ------------
  MACH    ALTITUDE   VELOCITY    PRESSURE    TEMPERATURE     REYNOLDS             REF.      REFERENCE LENGTH   MOMENT REF. CENTER
 NUMBER                                                       NUMBER              AREA       LONG.     LAT.     HORIZ      VERT
             FT       FT/SEC     LB/FT**2       DEG R         1/FT               FT**2        FT        FT        FT        FT
0  .400        .00     446.53   2.1162+003     518.670     2.8273+006           702.900     22.280    37.150    48.077     3.370
0                                                               -------------------DERIVATIVE (PER DEGREE)-------------------
0 ALPHA     CD       CL       CM       CN       CA       XCP        CLA          CMA          CYB          CNB          CLB
0
  -16.0     .095    -.706     .0594   -.705    -.103    -.084    5.789-002   -3.862-003   -1.547-002    2.060-003    7.408-004
   -8.0     .027    -.283     .0226   -.284    -.013    -.080    4.730-002   -2.490-003                             -1.202-003
   -6.0     .020    -.191     .0187   -.192    -.001    -.097    4.373-002   -1.104-003                             -1.620-003
   -4.0     .015    -.108     .0182   -.109     .008    -.167    4.018-002   -6.938-004                             -1.999-003
   -2.0     .013    -.030     .0159   -.031     .012    -.516    3.893-002   -2.148-003                             -2.331-003
     .0     .013     .048     .0096    .048     .013     .201    4.085-002   -4.244-003                             -2.648-003
    2.0     .016     .133    -.0011    .133     .012    -.008    4.461-002   -6.277-003                             -2.996-003
    4.0     .023     .226    -.0155    .227     .007    -.068    4.818-002   -7.835-003                             -3.388-003
    6.0     .032     .326    -.0324    .327    -.002    -.099    5.136-002   -9.116-003                             -3.818-003
    8.0     .046     .432    -.0520    .434    -.014    -.120    5.437-002   -1.036-002                             -4.281-003
   10.0     .064     .543    -.0738    .546    -.031    -.135    5.689-002   -1.099-002                             -4.770-003
   12.0     .087     .659    -.0959    .663    -.052    -.145    5.705-002   -1.215-002                             -5.278-003
   14.0     .111     .771    -.1224    .775    -.078    -.158    5.737-002   -1.741-002                             -5.746-003
   16.0     .140     .889    -.1655    .893    -.110    -.185    5.718-002   -2.197-002                             -6.176-003
   18.0     .171    1.000    -.2103   1.004    -.146    -.209    5.420-002   -2.314-002                             -6.559-003
   20.0     .203    1.105    -.2581   1.108    -.187    -.233    5.216-002   -2.581-002                             -6.888-003
   25.0     .285    1.360    -.4111   1.353    -.316    -.304    4.276-002   -2.869-002                             -7.476-003
   30.0     .348    1.533    -.5450   1.502    -.465    -.363    1.554-002   -1.430-002                             -7.556-003
   35.0     .336    1.515    -.5542   1.434    -.594    -.387   -2.190-002    1.493-002                             -6.760-003
   40.0     .282    1.314    -.3957   1.188    -.628    -.333   -5.856-002    4.848-002                             -5.450-003
0                                    ALPHA     Q/QINF    EPSLON  D(EPSLON)/D(ALPHA)
0
                                    -16.0      1.000    -12.375         .780
                                     -8.0      1.000     -6.134         .926
                                     -6.0      1.000     -4.209        1.018
                                     -4.0      1.000     -2.063        1.047
                                     -2.0      1.000      -.020         .978
                                       .0      1.000      1.847         .901
                                      2.0      1.000      3.584         .841
                                      4.0      1.000      5.212         .802
                                      6.0      1.000      6.792         .760
                                      8.0      1.000      8.254         .696
                                     10.0      1.000      9.575         .618
                                     12.0      1.000     10.726         .505
                                     14.0      1.000     11.595         .223
                                     16.0      1.000     11.619         .004
                                     18.0      1.000     11.610        -.033
                                     20.0      1.000     11.488        -.149
                                     25.0      1.000      9.646        -.513
                                     30.0      1.000      6.353        -.948
                                     35.0      1.000       .170        -.635
                                     40.0      1.000       .000        -.034
1                               AUTOMATED STABILITY AND CONTROL METHODS PER APRIL 1976 VERSION OF DATCOM
                                                         DYNAMIC DERIVATIVES
                                        WING-BODY-VERTICAL TAIL-HORIZONTAL TAIL CONFIGURATION
                                                          TOTAL AIRCRAFT
 
 -----------------------  FLIGHT CONDITIONS  ------------------------           --------------  REFERENCE DIMENSIONS  ------------
  MACH    ALTITUDE   VELOCITY    PRESSURE    TEMPERATURE     REYNOLDS             REF.      REFERENCE LENGTH   MOMENT REF. CENTER
 NUMBER                                                       NUMBER              AREA       LONG.     LAT.     HORIZ      VERT
             FT       FT/SEC     LB/FT**2       DEG R         1/FT               FT**2        FT        FT        FT        FT
0  .400        .00     446.53   2.1162+003     518.670     2.8273+006           702.900     22.280    37.150    48.077     3.370
                                                    DYNAMIC DERIVATIVES (PER DEGREE)
0           -------PITCHING-------    -----ACCELERATION------    --------------ROLLING--------------    --------YAWING--------
0   ALPHA       CLQ          CMQ           CLAD         CMAD         CLP          CYP          CNP          CNR          CLR
0
   -16.00    7.206-002   -6.224-002     3.295-002   -4.135-002   -4.677-003   -4.062-003    1.571-003   -6.004-003    3.140-004
    -8.00                               3.912-002   -4.910-002   -3.564-003   -1.230-003    9.067-004   -6.269-003    6.832-004
    -6.00                               4.299-002   -5.396-002   -3.316-003   -5.403-004    7.060-004   -6.344-003    7.308-004
    -4.00                               4.424-002   -5.552-002   -3.044-003    1.841-004    4.781-004   -6.419-003    7.575-004
    -2.00                               4.129-002   -5.182-002   -2.887-003    9.304-004    2.264-004   -6.491-003    7.619-004
      .00                               3.805-002   -4.776-002   -2.968-003    1.677-003   -2.854-005   -6.558-003    7.617-004
     2.00                               3.552-002   -4.459-002   -3.171-003    2.404-003   -2.656-004   -6.622-003    7.751-004
     4.00                               3.387-002   -4.251-002   -3.371-003    3.102-003   -4.817-004   -6.685-003    8.012-004
     6.00                               3.212-002   -4.032-002   -3.569-003    3.780-003   -6.799-004   -6.747-003    8.388-004
     8.00                               2.939-002   -3.689-002   -3.762-003    4.451-003   -8.653-004   -6.812-003    8.867-004
    10.00                               2.611-002   -3.277-002   -3.943-003    5.136-003   -1.048-003   -6.881-003    9.434-004
    12.00                               2.133-002   -2.677-002   -3.936-003    6.021-003   -1.329-003   -6.952-003    1.006-003
    14.00                               9.422-003   -1.183-002   -3.823-003    7.068-003   -1.695-003   -7.014-003    1.046-003
    16.00                               1.560-004   -1.958-004   -3.765-003    8.183-003   -2.080-003   -7.068-003    1.075-003
    18.00                              -1.380-003    1.732-003   -3.659-003    9.447-003   -2.533-003   -7.108-003    1.089-003
    20.00                              -6.280-003    7.882-003   -3.488-003    1.090-002   -3.071-003   -7.130-003    1.083-003
    25.00                              -2.169-002    2.722-002   -2.859-003    1.504-002   -4.610-003   -7.065-003    9.610-004
    30.00                              -4.002-002    5.023-002   -1.635-003    2.066-002   -6.415-003   -6.768-003    6.522-004
    35.00                              -2.683-002    3.368-002   -5.081-004    2.850-002   -7.543-003   -6.116-003   -9.373-006
    40.00                              -1.440-003    1.807-003   -6.318-005    3.436-002   -6.209-003   -5.338-003   -7.494-004
0*** VEHICLE WEIGHT =  79808.00 LB.
0*** LEVEL FLIGHT LIFT COEFFICIENT =  .47904
1                            AUTOMATED STABILITY AND CONTROL METHODS PER APRIL 1976 VERSION OF DATCOM
                                         CHARACTERISTICS OF HIGH LIFT AND CONTROL DEVICES
                                            TAIL PLAIN TRAILING-EDGE FLAP CONFIGURATION
                                                          TOTAL AIRCRAFT
 -----------------------  FLIGHT CONDITIONS  ------------------------           --------------  REFERENCE DIMENSIONS  ------------
  MACH    ALTITUDE   VELOCITY    PRESSURE    TEMPERATURE     REYNOLDS             REF.      REFERENCE LENGTH   MOMENT REF. CENTER
 NUMBER                                                       NUMBER              AREA       LONG.     LAT.     HORIZ      VERT
             FT       FT/SEC     LB/FT**2       DEG R         1/FT               FT**2        FT        FT        FT        FT
0  .400        .00     446.53   2.1162+003     518.670     2.8273+006           702.900     22.280    37.150    48.077     3.370
0            ---------INCREMENTS DUE TO DEFLECTION---------              ---DERIVATIVES (PER DEGREE)---
0     DELTA     D(CL)     D(CM)    D(CL MAX)    D(CD MIN)                (CLA)D     (CH)A       (CH)D


      -10.0     -.006      .0060      .006       .00009                  NDM      -1.769-003  -6.227-003
       -5.0     -.003      .0031      .003       .00004                  NDM                  -6.227-003
       -2.0     -.001      .0012      .001       .00001                  NDM                  -6.227-003
         .0      .000      .0000      .000       .00000                  NDM                  -6.227-003
        2.0      .001     -.0012      .001       .00001                  NDM                  -6.227-003
        5.0      .003     -.0031      .003       .00004                  NDM                  -6.227-003
       10.0      .006     -.0061      .006       .00009                  NDM                  -6.227-003
0  *** NOTE * HINGE MOMENT DERIVATIVES ARE BASED ON TWICE THE AREA-MOMENT OF THE CONTROL ABOUT ITS HINGE LINE

0            --------- INDUCED DRAG COEFFICIENT INCREMENT , D(CDI) , DUE TO DEFLECTION ---------
0       DELTA = -10.0      -5.0      -2.0        .0       2.0       5.0      10.0
   ALPHA
0
   -16.0        9.62-005  4.39-005  1.66-005 -7.96-008 -1.53-005 -3.56-005 -6.30-005
    -8.0        1.11-005  1.39-006 -4.39-007  5.52-009  1.76-006  6.90-006  2.21-005
    -6.0        7.46-006 -4.13-007 -1.16-006  9.13-009  2.49-006  8.70-006  2.57-005
    -4.0        1.45-005  3.12-006  2.54-007  2.06-009  1.07-006  5.17-006  1.86-005
    -2.0        1.66-005  4.16-006  6.70-007 -1.82-011  6.56-007  4.12-006  1.65-005
      .0        1.02-005  9.49-007 -6.15-007  6.40-009  1.94-006  7.34-006  2.30-005
     2.0       -2.56-006 -5.42-006 -3.16-006  1.91-008  4.49-006  1.37-005  3.57-005
     4.0       -2.06-005 -1.44-005 -6.76-006  3.71-008  8.09-006  2.27-005  5.37-005
     6.0       -4.09-005 -2.46-005 -1.08-005  5.74-008  1.21-005  3.29-005  7.40-005
     8.0       -6.69-005 -3.76-005 -1.60-005  8.35-008  1.74-005  4.59-005  1.00-004
    10.0       -9.97-005 -5.40-005 -2.26-005  1.16-007  2.39-005  6.23-005  1.33-004
    12.0       -1.41-004 -7.45-005 -3.08-005  1.57-007  3.21-005  8.28-005  1.74-004
    14.0       -1.95-004 -1.02-004 -4.17-005  2.12-007  4.31-005  1.10-004  2.29-004
    16.0       -2.91-004 -1.50-004 -6.09-005  3.07-007  6.22-005  1.58-004  3.24-004
    18.0       -3.88-004 -1.98-004 -8.03-005  4.04-007  8.16-005  2.07-004  4.21-004
    20.0       -4.91-004 -2.50-004 -1.01-004  5.03-007  1.02-004  2.58-004  5.24-004
    25.0       -8.22-004 -4.15-004 -1.67-004  8.38-007  1.68-004  4.23-004  8.55-004
    30.0       -1.22-003 -6.15-004 -2.47-004  1.24-006  2.48-004  6.24-004  1.26-003
    35.0       -1.76-003 -8.86-004 -3.55-004  1.77-006  3.57-004  8.94-004  1.80-003
    40.0       -2.01-003 -1.01-003 -4.05-004  2.05-006  4.07-004  1.02-003  2.05-003
0***NDM PRINTED WHEN NO DATCOM METHODS EXIST
 WARNING*** BODY ALONE DYNAMIC DERIVATIVE METHOD VALID FOR NOSE CYLINDER ONLY
            TAIL EFFECTS IGNORED]
1                               AUTOMATED STABILITY AND CONTROL METHODS PER APRIL 1976 VERSION OF DATCOM
                                         CHARACTERISTICS AT ANGLE OF ATTACK AND IN SIDESLIP
                                        WING-BODY-VERTICAL TAIL-HORIZONTAL TAIL CONFIGURATION
                                                          TOTAL AIRCRAFT
 
 -----------------------  FLIGHT CONDITIONS  ------------------------           --------------  REFERENCE DIMENSIONS  ------------
  MACH    ALTITUDE   VELOCITY    PRESSURE    TEMPERATURE     REYNOLDS             REF.      REFERENCE LENGTH   MOMENT REF. CENTER
 NUMBER                                                       NUMBER              AREA       LONG.     LAT.     HORIZ      VERT
             FT       FT/SEC     LB/FT**2       DEG R         1/FT               FT**2        FT        FT        FT        FT
0  .600        .00     669.80   2.1162+003     518.670     4.2409+006           702.900     22.280    37.150    48.077     3.370
0                                                               -------------------DERIVATIVE (PER DEGREE)-------------------
0 ALPHA     CD       CL       CM       CN       CA       XCP        CLA          CMA          CYB          CNB          CLB
0
  -16.0     .096    -.711     .0617   -.710    -.104    -.087    5.736-002   -3.670-003   -1.572-002    2.060-003    8.352-004
   -8.0     .027    -.287     .0235   -.288    -.013    -.082    4.783-002   -2.720-003                             -1.090-003
   -6.0     .020    -.194     .0191   -.195    -.001    -.098    4.437-002   -1.267-003                             -1.514-003
   -4.0     .015    -.110     .0184   -.111     .007    -.167    4.084-002   -7.725-004                             -1.897-003
   -2.0     .013    -.031     .0160   -.031     .012    -.513    3.964-002   -2.235-003                             -2.236-003
     .0     .013     .049     .0095    .049     .013     .195    4.156-002   -4.352-003                             -2.558-003
    2.0     .017     .135    -.0014    .136     .012    -.010    4.532-002   -6.400-003                             -2.912-003
    4.0     .023     .230    -.0161    .231     .007    -.070    4.886-002   -7.932-003                             -3.309-003
    6.0     .033     .331    -.0331    .333    -.002    -.100    5.201-002   -9.125-003                             -3.743-003
    8.0     .047     .438    -.0526    .440    -.015    -.119    5.501-002   -1.018-002                             -4.209-003
   10.0     .065     .551    -.0738    .554    -.031    -.133    5.653-002   -1.063-002                             -4.701-003
   12.0     .087     .664    -.0951    .668    -.053    -.142    5.608-002   -1.277-002                             -5.186-003
   14.0     .112     .775    -.1249    .779    -.079    -.160    5.651-002   -1.836-002                             -5.638-003
   16.0     .140     .890    -.1686    .894    -.111    -.189    5.578-002   -2.226-002                             -6.043-003
   18.0     .169     .998    -.2140   1.002    -.148    -.214    5.225-002   -2.344-002                             -6.394-003
   20.0     .199    1.099    -.2623   1.101    -.189    -.238    4.954-002   -2.587-002                             -6.684-003
   25.0     .274    1.336    -.4128   1.326    -.317    -.311    4.012-002   -2.755-002                             -7.136-003
   30.0     .333    1.500    -.5378   1.466    -.462    -.367    1.296-002   -1.031-002                             -7.173-003
   35.0     .314    1.465    -.5158   1.380    -.583    -.374   -1.278-002    1.288-002                             -6.350-003
   40.0     .297    1.373    -.4091   1.243    -.655    -.329   -2.429-002    2.984-002                             -5.591-003
0                                    ALPHA     Q/QINF    EPSLON  D(EPSLON)/D(ALPHA)
0
                                    -16.0      1.000    -12.461         .781
                                     -8.0      1.000     -6.217         .936
                                     -6.0      1.000     -4.267        1.032
                                     -4.0      1.000     -2.090        1.062
                                     -2.0      1.000      -.020         .991
                                       .0      1.000      1.873         .913
                                      2.0      1.000      3.633         .852
                                      4.0      1.000      5.281         .812
                                      6.0      1.000      6.880         .769
                                      8.0      1.000      8.358         .701
                                     10.0      1.000      9.685         .613
                                     12.0      1.000     10.811         .488
                                     14.0      1.000     11.636         .205
                                     16.0      1.000     11.629        -.015
                                     18.0      1.000     11.575        -.057
                                     20.0      1.000     11.401        -.177
                                     25.0      1.000      9.403        -.528
                                     30.0      1.000      6.118        -.940
                                     35.0      1.000       .000        -.612
                                     40.0      1.000       .000         .000
1                               AUTOMATED STABILITY AND CONTROL METHODS PER APRIL 1976 VERSION OF DATCOM
                                                         DYNAMIC DERIVATIVES
                                        WING-BODY-VERTICAL TAIL-HORIZONTAL TAIL CONFIGURATION
                                                          TOTAL AIRCRAFT
 
 -----------------------  FLIGHT CONDITIONS  ------------------------           --------------  REFERENCE DIMENSIONS  ------------
  MACH    ALTITUDE   VELOCITY    PRESSURE    TEMPERATURE     REYNOLDS             REF.      REFERENCE LENGTH   MOMENT REF. CENTER
 NUMBER                                                       NUMBER              AREA       LONG.     LAT.     HORIZ      VERT
             FT       FT/SEC     LB/FT**2       DEG R         1/FT               FT**2        FT        FT        FT        FT
0  .600        .00     669.80   2.1162+003     518.670     4.2409+006           702.900     22.280    37.150    48.077     3.370
                                                    DYNAMIC DERIVATIVES (PER DEGREE)
0           -------PITCHING-------    -----ACCELERATION------    --------------ROLLING--------------    --------YAWING--------
0   ALPHA       CLQ          CMQ           CLAD         CMAD         CLP          CYP          CNP          CNR          CLR
0
   -16.00    7.247-002   -6.194-002     3.249-002   -4.091-002   -4.632-003   -4.116-003    1.622-003   -6.154-003    3.183-004
    -8.00                               3.897-002   -4.906-002   -3.595-003   -1.243-003    9.236-004   -6.434-003    6.950-004
    -6.00                               4.294-002   -5.407-002   -3.358-003   -5.401-004    7.168-004   -6.512-003    7.477-004
    -4.00                               4.419-002   -5.565-002   -3.089-003    1.891-004    4.866-004   -6.589-003    7.793-004
    -2.00                               4.124-002   -5.193-002   -2.933-003    9.411-004    2.324-004   -6.663-003    7.884-004
      .00                               3.801-002   -4.787-002   -3.011-003    1.694-003   -2.515-005   -6.732-003    7.928-004
     2.00                               3.547-002   -4.466-002   -3.209-003    2.425-003   -2.648-004   -6.797-003    8.108-004
     4.00                               3.379-002   -4.254-002   -3.405-003    3.128-003   -4.835-004   -6.861-003    8.415-004
     6.00                               3.202-002   -4.032-002   -3.598-003    3.811-003   -6.848-004   -6.925-003    8.838-004
     8.00                               2.920-002   -3.676-002   -3.788-003    4.487-003   -8.740-004   -6.992-003    9.361-004
    10.00                               2.553-002   -3.215-002   -3.881-003    5.251-003   -1.100-003   -7.061-003    9.970-004
    12.00                               2.030-002   -2.556-002   -3.814-003    6.196-003   -1.419-003   -7.127-003    1.050-003
    14.00                               8.513-003   -1.072-002   -3.709-003    7.270-003   -1.797-003   -7.184-003    1.084-003
    16.00                              -6.294-004    7.925-004   -3.607-003    8.451-003   -2.220-003   -7.230-003    1.103-003
    18.00                              -2.377-003    2.993-003   -3.452-003    9.787-003   -2.713-003   -7.260-003    1.103-003
    20.00                              -7.348-003    9.252-003   -3.226-003    1.131-002   -3.286-003   -7.267-003    1.078-003
    25.00                              -2.199-002    2.769-002   -2.649-003    1.520-002   -4.732-003   -7.147-003    8.886-004
    30.00                              -3.914-002    4.928-002   -1.601-003    2.033-002   -6.356-003   -6.830-003    5.602-004
    35.00                              -2.547-002    3.207-002   -1.178-003    2.290-002   -6.867-003   -6.175-003   -1.183-004
    40.00                                 NDM          NDM       -2.148-003    2.164-002   -6.735-003   -5.533-003   -6.161-004
0*** NDM PRINTED WHEN NO DATCOM METHODS EXIST
0*** VEHICLE WEIGHT =  79808.00 LB.
0*** LEVEL FLIGHT LIFT COEFFICIENT =  .21291
1                            AUTOMATED STABILITY AND CONTROL METHODS PER APRIL 1976 VERSION OF DATCOM
                                         CHARACTERISTICS OF HIGH LIFT AND CONTROL DEVICES
                                            TAIL PLAIN TRAILING-EDGE FLAP CONFIGURATION
                                                          TOTAL AIRCRAFT
 -----------------------  FLIGHT CONDITIONS  ------------------------           --------------  REFERENCE DIMENSIONS  ------------
  MACH    ALTITUDE   VELOCITY    PRESSURE    TEMPERATURE     REYNOLDS             REF.      REFERENCE LENGTH   MOMENT REF. CENTER
 NUMBER                                                       NUMBER              AREA       LONG.     LAT.     HORIZ      VERT
             FT       FT/SEC     LB/FT**2       DEG R         1/FT               FT**2        FT        FT        FT        FT
0  .600        .00     669.80   2.1162+003     518.670     4.2409+006           702.900     22.280    37.150    48.077     3.370
0            ---------INCREMENTS DUE TO DEFLECTION---------              ---DERIVATIVES (PER DEGREE)---
0     DELTA     D(CL)     D(CM)    D(CL MAX)    D(CD MIN)                (CLA)D     (CH)A       (CH)D


      -10.0     -.005      .0057      .006       .00008                  NDM      -2.026-003  -7.209-003
       -5.0     -.003      .0030      .003       .00003                  NDM                  -7.209-003
       -2.0     -.001      .0012      .001       .00001                  NDM                  -7.209-003
         .0      .000      .0000      .000       .00000                  NDM                  -7.209-003
        2.0      .001     -.0012      .001       .00001                  NDM                  -7.209-003
        5.0      .003     -.0030      .003       .00003                  NDM                  -7.209-003
       10.0      .005     -.0059      .006       .00008                  NDM                  -7.209-003
0  *** NOTE * HINGE MOMENT DERIVATIVES ARE BASED ON TWICE THE AREA-MOMENT OF THE CONTROL ABOUT ITS HINGE LINE

0            --------- INDUCED DRAG COEFFICIENT INCREMENT , D(CDI) , DUE TO DEFLECTION ---------
0       DELTA = -10.0      -5.0      -2.0        .0       2.0       5.0      10.0
   ALPHA
0
   -16.0        8.52-005  3.91-005  1.48-005 -7.13-008 -1.37-005 -3.22-005 -5.74-005
    -8.0        4.92-006 -1.01-006 -1.24-006  8.99-009  2.35-006  7.96-006  2.29-005
    -6.0        2.64-006 -2.16-006 -1.70-006  1.13-008  2.81-006  9.10-006  2.52-005
    -4.0        1.07-005  1.87-006 -8.43-008  3.21-009  1.20-006  5.07-006  1.71-005
    -2.0        1.39-005  3.48-006  5.60-007 -6.60-012  5.52-007  3.46-006  1.39-005
      .0        9.02-006  1.04-006 -4.19-007  4.89-009  1.53-006  5.91-006  1.88-005
     2.0       -1.95-006 -4.45-006 -2.61-006  1.59-008  3.72-006  1.14-005  2.97-005
     4.0       -1.80-005 -1.25-005 -5.83-006  3.20-008  6.94-006  1.94-005  4.58-005
     6.0       -3.64-005 -2.17-005 -9.50-006  5.03-008  1.06-005  2.86-005  6.42-005
     8.0       -6.02-005 -3.36-005 -1.43-005  7.41-008  1.54-005  4.05-005  8.80-005
    10.0       -9.10-005 -4.90-005 -2.04-005  1.05-007  2.15-005  5.59-005  1.19-004
    12.0       -1.31-004 -6.89-005 -2.84-005  1.45-007  2.95-005  7.59-005  1.59-004
    14.0       -1.85-004 -9.58-005 -3.92-005  1.99-007  4.03-005  1.03-004  2.12-004
    16.0       -2.76-004 -1.42-004 -5.75-005  2.91-007  5.86-005  1.49-004  3.04-004
    18.0       -3.70-004 -1.89-004 -7.63-005  3.84-007  7.74-005  1.96-004  3.98-004
    20.0       -4.70-004 -2.38-004 -9.62-005  4.85-007  9.73-005  2.45-004  4.97-004
    25.0       -7.90-004 -3.98-004 -1.60-004  8.04-007  1.61-004  4.05-004  8.17-004
    30.0       -1.17-003 -5.88-004 -2.36-004  1.18-006  2.37-004  5.95-004  1.20-003
    35.0       -1.68-003 -8.42-004 -3.38-004  1.71-006  3.39-004  8.49-004  1.70-003
    40.0       -1.91-003 -9.56-004 -3.83-004  1.95-006  3.84-004  9.63-004  1.93-003
0***NDM PRINTED WHEN NO DATCOM METHODS EXIST
1 END OF JOB.
