 THIS SOFTWARE AND ANY ACCOMPANYING DOCUMENTATION
 IS RELEASED "AS IS".  THE U.S. GOVERNMENT MAKES NO
 WARRANTY OF ANY KIND, EXPRESS OR IMPLIED, CONCERNING
 THIS SOFTWARE AND ANY ACCOMPANYING DOCUMENTATION,
 INCLUDING, WITHOUT LIMITATION, ANY WARRANTIES OF
 MERCHANTABILITY OR FITNESS FOR A PARTICULAR PURPOSE.
 IN NO EVENT WILL THE U.S. GOVERNMENT BE LIABLE FOR ANY
 DAMAGES, INCLUDING LOST PROFITS, LOST SAVINGS OR OTHER
 INCIDENTAL OR CONSEQUENTIAL DAMAGES ARISING OUT OF THE 
 USE, OR INABILITY TO USE, THIS SOFTWARE OR ANY
 ACCOMPANYING DOCUMENTATION, EVEN IF INFORMED IN ADVANCE
 OF THE POSSIBILITY OF SUCH DAMAGES.








                                        ****************************************************
                                        *    USAF STABILITY AND CONTROL  DIGITAL DATCOM    *
                                        *    PROGRAM REV. JAN 96   DIRECT INQUIRIES TO:    *
                                        *   WRIGHT LABORATORY  (WL/FIGC)  ATTN: W. BLAKE   *
                                        *         WRIGHT PATTERSON AFB, OHIO  45433        *
                                        *    PHONE (513) 255-6764,   FAX (513) 258-4054    *
                                        ****************************************************
1                         CONERR - INPUT ERROR CHECKING
0 ERROR CODES - N* DENOTES THE NUMBER OF OCCURENCES OF EACH ERROR
0 A - UNKNOWN VARIABLE NAME
0 B - MISSING EQUAL SIGN FOLLOWING VARIABLE NAME
0 C - NON-ARRAY VARIABLE HAS AN ARRAY ELEMENT DESIGNATION - (N)
0 D - NON-ARRAY VARIABLE HAS MULTIPLE VALUES ASSIGNED
0 E - ASSIGNED VALUES EXCEED ARRAY DIMENSION
0 F - SYNTAX ERROR

0******************************  INPUT DATA CARDS  ******************************

 DIM FT                                                                          
 DAMP                                                                            
  $FLTCON WT=79808.0,                                                            
    LOOP=2.0,                                                                    
    NMACH=2.0, MACH(1)=0.2,0.4,                                                  
    NALT=1.0, ALT(1)=0.0,                                                        
    NALPHA=20.0,                                                                 
    ALSCHD(1)= -16.0, -8.0, -6.0, -4.0, -2.0, 0.0, 2.0, 4.0, 6.0, 8.0,           
    10.0, 12.0, 14.0, 16.0, 18.0, 20.0, 25.0, 30.0, 35.0,40.0,                   
    STMACH=0.8, TSMACH=1.05, TR=1.0$                                             
  $OPTINS SREF=702.9, CBARR=22.28,                                               
    BLREF=37.15, ROUGFC=0.25E-3$                                                 
  $SYNTHS XCG=48.077, ZCG=3.370,                                                 
    XW=31.111,  ZW=6.0,  ALIW=0.0,                                               
    XH=57.6,  ZH=1.0,  ALIH=0.0,                                                 
    XV=57.0,  ZV=0.0,                                                            
    HINAX=75.0,                                                                  
    SCALE=1.0, VERTUP=.TRUE.$                                                    
  $BODY NX=13.0,                                                                 
    X(1) =0.0, 7.93,10.35,12.94,20.06,33.24,                                     
     36.56,37.00,41.81,52.73,                                                    
     66.40,79.10,81.208,                                                         
     S(1) =0.0,11.93,23.35,29.26,38.20,43.14,                                    
     43.45,78.46,84.61,82.82,                                                    
     79.37,38.27,26.62,                                                          
     P(1) =0.0,11.16,16.12,17.85,20.24,21.72,                                    
     21.68,26.04,26.77,26.55,                                                    
     26.23,20.48,18.01,                                                          
    R(1) =0.0, 1.80, 2.10, 2.36, 2.68, 2.77,                                     
     2.81, 4.99, 5.26, 5.15,                                                     
     4.99, 4.66, 4.20,                                                           
    ZU(1)=0.0, 2.89, 4.95, 5.46, 6.13, 6.51,                                     
     6.45, 6.45, 6.41, 6.29,                                                     
     6.11, 4.41, 3.86,                                                           
    ZL(1)=0.0,-0.89,-1.01,-1.11,-1.31,-1.58,                                     
     -1.58,-1.58,-1.72,-1.84,                                                    
     -2.02,-1.17,-0.95,                                                          
    BNOSE=0.0, BLN=35.0,                                                         
    BTAIL=1.0, BLA=0.0, DS=0.0,                                                  
    ITYPE=2.0, METHOD=2.0$                                                       
  $WGPLNF CHRDR=33.5667,CHRDTP=4.279,                                            
    SSPN=18.573,  SSPNE=13.5,                                                    
    SAVSI=59.0,                                                                  
    SSPNDD=3.0,DHDADI=0.0, DHDADO=-40.0,                                         
    CHSTAT=0.0, TWISTA=0.0,                                                      
    DHDADI=0.0,                                                                  
    TYPE=1.0$                                                                    
  $WGSCHR                                                                        
    LERI=0.064,CAMBER=.TRUE.,DWASH=1.0,                                          
    TYPEIN=1.0,NPTS=50.0,                                                        
     XCORD(1)= 0.0000000,0.0019367,0.0058033,0.0110136,0.0174680,                
    0.0251167,0.0339246,0.0438653,0.0549131,0.0802181,                           
    0.0944118,0.1095857,0.1257038,0.1606127,0.1793187,                           
    0.1987989,0.2190063,0.2614046,0.2834928,0.3061025,                           
    0.3291789,0.3765069,0.4006435,0.4250169,0.4495675,                           
    0.4989598,0.5236816,0.5483406,0.5728773,0.6213475,                           
    0.6451644,0.6686259,0.6916757,0.7363207,0.7578090,                           
    0.7786724,0.7988610,0.8370233,0.8549062,0.8719329,                           
    0.8880626,0.9174795,0.9306963,0.9428758,0.9539885,                           
    0.9729102,0.9806736,0.9872793,0.9927112,1.0000000,                           
    YUPPER(1)=0.0001747,0.0024112,0.0041927,0.0057952,0.0073042,                 
    0.0087762,0.0102527,0.0117370,0.0132180,0.0161195,                           
    0.0175317,0.0189115,0.0202521,0.0227819,0.0239548,                           
    0.0250582,0.0260844,0.0278762,0.0286277,0.0292744,                           
    0.0298127,0.0305363,0.0306881,0.0306717,0.0304840,                           
    0.0296486,0.0290302,0.0282922,0.0274454,0.0254685,                           
    0.0243590,0.0231831,0.0219516,0.0193642,0.0180298,                           
    0.0166846,0.0153382,0.0126885,0.0114062,0.0101642,                           
    0.0089712,0.0067539,0.0057416,0.0047991,0.0039287,                           
    0.0024199,0.0017843,0.0012277,0.0007490,0.0000000,                           
    YLOWER(1)=0.00000000,-0.0019093,-0.0030588,-0.0038740,-0.0045084,            
    -0.0050454,-0.0055414,-0.0060096,-0.0064486,-0.0072296,                      
    -0.0075806,-0.0079091,-0.0082153,-0.0087533,-0.0089813,                      
    -0.0091809,-0.0093498,-0.0095843,-0.0096441,-0.0096617,                      
    -0.0096373,-0.0094430,-0.0092436,-0.0089509,-0.0085636,                      
    -0.0075636,-0.0069804,-0.0063558,-0.0056995,-0.0043312,                      
    -0.0036367,-0.0029467,-0.0022696,-0.0009852,-0.0003926,                      
    0.00015574,0.00065432,0.00147491,0.00178625,0.00202749,                      
    0.00219599,0.00232068,0.00227976,0.00217527,0.00201379,                      
    0.00154301,0.00125246,0.00094126,0.00062318,0.0000000$                       
  $SYMFLP FTYPE=1.0,   NDELTA=7.0,                                               
   DELTA(1)=0.0,5.0,15.0,25.0,35.0,45.0,55.0,                                    
   PHETE=0.0522, PHETEP=0.0391,                                                  
   CHRDFI=2.78,  CHRDFO=2.32,                                                    
   SPANFI=5.0,  SPANFO=15.5,                                                     
   CPRMEI(1)=25.0,25.0,25.0,25.0,25.0,25.0,25.0,                                 
   CPRMEO(1)=8.0,8.0,8.0,8.0,8.0,8.0,8.0,                                        
   NTYPE=1.0,                                                                    
   JETFLP=2.0,                                                                   
   CMU=2.0,                                                                      
   DELJET(1)=0.0,5.0,15.0,25.0,35.0,45.0,55.0,                                   
   EFFJET(1)=0.0,5.0,15.0,25.0,35.0,45.0,55.0$                                   
  $VTPLNF CHRDTP=2.4, SSPNE=12.5, SSPN=16.42, CHRDR=22.9,                        
    SAVSI=57.0, CHSTAT=0.0, TYPE=1.0$                                            
  $VTSCHR                                                                        
    LERO=0.0064,                                                                 
    TYPEIN=1.0,                                                                  
    NPTS=47.0,                                                                   
    XCORD(1)=0.000000,0.001000,0.002000,0.003000,0.004000,0.005000,0.006000,     
    0.007000,0.007500,0.008000,0.009000,0.010000,0.012000,0.012500,              
    0.020000,0.025000,0.030000,0.035000,0.040000,0.050000,0.060000,              
    0.070000,0.075000,0.080000,0.090000,0.100000,0.120000,0.150000,              
    0.200000,0.250000,0.300000,0.350000,0.400000,0.450000,0.500000,              
    0.550000,0.600000,0.650000,0.700000,0.750000,0.800000,0.850000,              
    0.900000,0.925000,0.950000,0.975000,0.987500,1.000000,                       
    YUPPER(1)=0.000000,0.003441,0.004863,0.005953,0.006870,0.007676,0.008404,    
    0.009072,0.009387,0.009692,0.010274,0.010824,0.011842,0.012083,              
    0.015215,0.016960,0.018522,0.019950,0.021256,0.023617,0.025709,              
    0.027592,0.028468,0.029307,0.030881,0.032336,0.034945,0.038254,              
    0.042556,0.045697,0.047905,0.049300,0.049946,0.049862,0.049027,              
    0.047363,0.044650,0.040438,0.035331,0.029708,0.023819,0.017864,              
    0.011910,0.008932,0.005955,0.002977,0.001489,0.000000,                       
    YLOWER(1)=0.000000,-0.003441,-0.004863,-0.005953,-0.006870,-0.007676,-0.00840
    -0.009072,-0.009387,-0.009692,-0.010274,-0.010824,-0.011842,-0.012083,       
    -0.015215,-0.016960,-0.018522,-0.019950,-0.021256,-0.023617,-0.025709,       
    -0.027592,-0.028468,-0.029307,-0.030881,-0.032336,-0.034945,-0.038254,       
    -0.042556,-0.045697,-0.047905,-0.049300,-0.049946,-0.049862,-0.049027,       
    -0.047363,-0.044650,-0.040438,-0.035331,-0.029708,-0.023819,-0.017864,       
    -0.011910,-0.008932,-0.005955,-0.002977,-0.001489,0.000000$                  
                                                                                    ** ERROR ** NO NAMELIST NAME FOLLOWING $ 
 CASEID TOTAL AIRCRAFT                                                           
1          THE FOLLOWING IS A LIST OF ALL INPUT CARDS FOR THIS CASE.
0
 DIM FT                                                                          
 DAMP                                                                            
  $FLTCON WT=79808.0,                                                            
    LOOP=2.0,                                                                    
    NMACH=2.0, MACH(1)=0.2,0.4,                                                  
    NALT=1.0, ALT(1)=0.0,                                                        
    NALPHA=20.0,                                                                 
    ALSCHD(1)= -16.0, -8.0, -6.0, -4.0, -2.0, 0.0, 2.0, 4.0, 6.0, 8.0,           
    10.0, 12.0, 14.0, 16.0, 18.0, 20.0, 25.0, 30.0, 35.0,40.0,                   
    STMACH=0.8, TSMACH=1.05, TR=1.0$                                             
  $OPTINS SREF=702.9, CBARR=22.28,                                               
    BLREF=37.15, ROUGFC=0.25E-3$                                                 
  $SYNTHS XCG=48.077, ZCG=3.370,                                                 
    XW=31.111,  ZW=6.0,  ALIW=0.0,                                               
    XH=57.6,  ZH=1.0,  ALIH=0.0,                                                 
    XV=57.0,  ZV=0.0,                                                            
    HINAX=75.0,                                                                  
    SCALE=1.0, VERTUP=.TRUE.$                                                    
  $BODY NX=13.0,                                                                 
    X(1) =0.0, 7.93,10.35,12.94,20.06,33.24,                                     
     36.56,37.00,41.81,52.73,                                                    
     66.40,79.10,81.208,                                                         
     S(1) =0.0,11.93,23.35,29.26,38.20,43.14,                                    
     43.45,78.46,84.61,82.82,                                                    
     79.37,38.27,26.62,                                                          
     P(1) =0.0,11.16,16.12,17.85,20.24,21.72,                                    
     21.68,26.04,26.77,26.55,                                                    
     26.23,20.48,18.01,                                                          
    R(1) =0.0, 1.80, 2.10, 2.36, 2.68, 2.77,                                     
     2.81, 4.99, 5.26, 5.15,                                                     
     4.99, 4.66, 4.20,                                                           
    ZU(1)=0.0, 2.89, 4.95, 5.46, 6.13, 6.51,                                     
     6.45, 6.45, 6.41, 6.29,                                                     
     6.11, 4.41, 3.86,                                                           
    ZL(1)=0.0,-0.89,-1.01,-1.11,-1.31,-1.58,                                     
     -1.58,-1.58,-1.72,-1.84,                                                    
     -2.02,-1.17,-0.95,                                                          
    BNOSE=0.0, BLN=35.0,                                                         
    BTAIL=1.0, BLA=0.0, DS=0.0,                                                  
    ITYPE=2.0, METHOD=2.0$                                                       
  $WGPLNF CHRDR=33.5667,CHRDTP=4.279,                                            
    SSPN=18.573,  SSPNE=13.5,                                                    
    SAVSI=59.0,                                                                  
    SSPNDD=3.0,DHDADI=0.0, DHDADO=-40.0,                                         
    CHSTAT=0.0, TWISTA=0.0,                                                      
    DHDADI=0.0,                                                                  
    TYPE=1.0$                                                                    
  $WGSCHR                                                                        
    LERI=0.064,CAMBER=.TRUE.,DWASH=1.0,                                          
    TYPEIN=1.0,NPTS=50.0,                                                        
     XCORD(1)= 0.0000000,0.0019367,0.0058033,0.0110136,0.0174680,                
    0.0251167,0.0339246,0.0438653,0.0549131,0.0802181,                           
    0.0944118,0.1095857,0.1257038,0.1606127,0.1793187,                           
    0.1987989,0.2190063,0.2614046,0.2834928,0.3061025,                           
    0.3291789,0.3765069,0.4006435,0.4250169,0.4495675,                           
    0.4989598,0.5236816,0.5483406,0.5728773,0.6213475,                           
    0.6451644,0.6686259,0.6916757,0.7363207,0.7578090,                           
    0.7786724,0.7988610,0.8370233,0.8549062,0.8719329,                           
    0.8880626,0.9174795,0.9306963,0.9428758,0.9539885,                           
    0.9729102,0.9806736,0.9872793,0.9927112,1.0000000,                           
    YUPPER(1)=0.0001747,0.0024112,0.0041927,0.0057952,0.0073042,                 
    0.0087762,0.0102527,0.0117370,0.0132180,0.0161195,                           
    0.0175317,0.0189115,0.0202521,0.0227819,0.0239548,                           
    0.0250582,0.0260844,0.0278762,0.0286277,0.0292744,                           
    0.0298127,0.0305363,0.0306881,0.0306717,0.0304840,                           
    0.0296486,0.0290302,0.0282922,0.0274454,0.0254685,                           
    0.0243590,0.0231831,0.0219516,0.0193642,0.0180298,                           
    0.0166846,0.0153382,0.0126885,0.0114062,0.0101642,                           
    0.0089712,0.0067539,0.0057416,0.0047991,0.0039287,                           
    0.0024199,0.0017843,0.0012277,0.0007490,0.0000000,                           
    YLOWER(1)=0.00000000,-0.0019093,-0.0030588,-0.0038740,-0.0045084,            
    -0.0050454,-0.0055414,-0.0060096,-0.0064486,-0.0072296,                      
    -0.0075806,-0.0079091,-0.0082153,-0.0087533,-0.0089813,                      
    -0.0091809,-0.0093498,-0.0095843,-0.0096441,-0.0096617,                      
    -0.0096373,-0.0094430,-0.0092436,-0.0089509,-0.0085636,                      
    -0.0075636,-0.0069804,-0.0063558,-0.0056995,-0.0043312,                      
    -0.0036367,-0.0029467,-0.0022696,-0.0009852,-0.0003926,                      
    0.00015574,0.00065432,0.00147491,0.00178625,0.00202749,                      
    0.00219599,0.00232068,0.00227976,0.00217527,0.00201379,                      
    0.00154301,0.00125246,0.00094126,0.00062318,0.0000000$                       
  $SYMFLP FTYPE=1.0,   NDELTA=7.0,                                               
   DELTA(1)=0.0,5.0,15.0,25.0,35.0,45.0,55.0,                                    
   PHETE=0.0522, PHETEP=0.0391,                                                  
   CHRDFI=2.78,  CHRDFO=2.32,                                                    
   SPANFI=5.0,  SPANFO=15.5,                                                     
   CPRMEI(1)=25.0,25.0,25.0,25.0,25.0,25.0,25.0,                                 
   CPRMEO(1)=8.0,8.0,8.0,8.0,8.0,8.0,8.0,                                        
   NTYPE=1.0,                                                                    
   JETFLP=2.0,                                                                   
   CMU=2.0,                                                                      
   DELJET(1)=0.0,5.0,15.0,25.0,35.0,45.0,55.0,                                   
   EFFJET(1)=0.0,5.0,15.0,25.0,35.0,45.0,55.0$                                   
  $VTPLNF CHRDTP=2.4, SSPNE=12.5, SSPN=16.42, CHRDR=22.9,                        
    SAVSI=57.0, CHSTAT=0.0, TYPE=1.0$                                            
  $VTSCHR                                                                        
    LERO=0.0064,                                                                 
    TYPEIN=1.0,                                                                  
    NPTS=47.0,                                                                   
    XCORD(1)=0.000000,0.001000,0.002000,0.003000,0.004000,0.005000,0.006000,     
    0.007000,0.007500,0.008000,0.009000,0.010000,0.012000,0.012500,              
    0.020000,0.025000,0.030000,0.035000,0.040000,0.050000,0.060000,              
    0.070000,0.075000,0.080000,0.090000,0.100000,0.120000,0.150000,              
    0.200000,0.250000,0.300000,0.350000,0.400000,0.450000,0.500000,              
    0.550000,0.600000,0.650000,0.700000,0.750000,0.800000,0.850000,              
    0.900000,0.925000,0.950000,0.975000,0.987500,1.000000,                       
    YUPPER(1)=0.000000,0.003441,0.004863,0.005953,0.006870,0.007676,0.008404,    
    0.009072,0.009387,0.009692,0.010274,0.010824,0.011842,0.012083,              
    0.015215,0.016960,0.018522,0.019950,0.021256,0.023617,0.025709,              
    0.027592,0.028468,0.029307,0.030881,0.032336,0.034945,0.038254,              
    0.042556,0.045697,0.047905,0.049300,0.049946,0.049862,0.049027,              
    0.047363,0.044650,0.040438,0.035331,0.029708,0.023819,0.017864,              
    0.011910,0.008932,0.005955,0.002977,0.001489,0.000000,                       
    YLOWER(1)=0.000000,-0.003441,-0.004863,-0.005953,-0.006870,-0.007676,-0.00840
    -0.009072,-0.009387,-0.009692,-0.010274,-0.010824,-0.011842,-0.012083,       
    -0.015215,-0.016960,-0.018522,-0.019950,-0.021256,-0.023617,-0.025709,       
    -0.027592,-0.028468,-0.029307,-0.030881,-0.032336,-0.034945,-0.038254,       
    -0.042556,-0.045697,-0.047905,-0.049300,-0.049946,-0.049862,-0.049027,       
    -0.047363,-0.044650,-0.040438,-0.035331,-0.029708,-0.023819,-0.017864,       
    -0.011910,-0.008932,-0.005955,-0.002977,-0.001489,0.000000$                  
                                                                                 
 CASEID TOTAL AIRCRAFT                                                           
0ERROR ** FLAP INBOARD SPAN, SPANI =  .50000E+01, IT IS INSIDE THE BODY AS DEFINED BY SSPN AND SSPNE
          SPANI IS REDEFINED, SPANI = SSPN-SSPNE =  .50730E+01

0 INPUT DIMENSIONS ARE IN FT, SCALE FACTOR IS 1.0000

1                             AUTOMATED STABILITY AND CONTROL METHODS PER APRIL 1976 VERSION OF DATCOM   
                                                        USER DEFINED WING SECTION
     UPPER ABSCISSA     UPPER ORDINATE     LOWER ABSCISSA     LOWER ORDINATE      X-FRACTION CHORD    MEAN LINE    THICKNESS
          .00000             .00000            .00000            .00000               .00000            .00000        .00000
          .00169             .00240            .00218           -.00190               .00194            .00025        .00432
          .00552             .00418            .00609           -.00305               .00580            .00057        .00725
          .01067             .00578            .01136           -.00386               .01101            .00096        .00967
          .01709             .00729            .01785           -.00450               .01747            .00140        .01181
          .02471             .00876            .02552           -.00503               .02512            .00187        .01382
          .03350             .01024            .03435           -.00553               .03392            .00236        .01579
          .04343             .01173            .04430           -.00600               .04387            .00286        .01775
          .05447             .01321            .05536           -.00644               .05491            .00338        .01967
          .07976             .01611            .08067           -.00722               .08022            .00444        .02335
          .09396             .01752            .09486           -.00757               .09441            .00498        .02511
          .10914             .01890            .11003           -.00790               .10959            .00550        .02682
          .12526             .02025            .12614           -.00821               .12570            .00602        .02847
          .16020             .02278            .16103           -.00875               .16061            .00701        .03154
          .17892             .02395            .17972           -.00898               .17932            .00749        .03294
          .19842             .02505            .19918           -.00918               .19880            .00794        .03424
          .21865             .02608            .21937           -.00935               .21901            .00837        .03543
          .26109             .02787            .26172           -.00958               .26140            .00915        .03746
          .28321             .02863            .28378           -.00964               .28349            .00949        .03827
          .30585             .02927            .30636           -.00966               .30610            .00981        .03894
          .32895             .02981            .32940           -.00964               .32918            .01009        .03945
          .37635             .03054            .37667           -.00944               .37651            .01055        .03998
          .40051             .03069            .40077           -.00924               .40064            .01072        .03993
          .42492             .03067            .42511           -.00895               .42502            .01086        .03962
          .44950             .03048            .44963           -.00856               .44957            .01096        .03905
          .49896             .02965            .49896           -.00756               .49896            .01104        .03721
          .52371             .02903            .52365           -.00698               .52368            .01102        .03601
          .54839             .02829            .54829           -.00636               .54834            .01097        .03465
          .57295             .02745            .57280           -.00570               .57288            .01087        .03314
          .62147             .02547            .62123           -.00433               .62135            .01057        .02980
          .64530             .02436            .64503           -.00364               .64516            .01036        .02800
          .66877             .02318            .66848           -.00295               .66863            .01012        .02613
          .69183             .02195            .69152           -.00227               .69168            .00984        .02422
          .73649             .01936            .73615           -.00098               .73632            .00919        .02035
          .75798             .01803            .75764           -.00039               .75781            .00882        .01842
          .77884             .01668            .77851            .00016               .77867            .00842        .01653
          .79902             .01534            .79870            .00066               .79886            .00800        .01468
          .83717             .01269            .83688            .00148               .83702            .00708        .01121
          .85504             .01140            .85477            .00179               .85491            .00660        .00962
          .87206             .01016            .87181            .00203               .87193            .00610        .00814
          .88817             .00897            .88795            .00220               .88806            .00558        .00678
          .91756             .00675            .91739            .00232               .91748            .00454        .00443
          .93077             .00574            .93062            .00228               .93070            .00401        .00346
          .94293             .00480            .94282            .00218               .94288            .00349        .00262
          .95403             .00393            .95394            .00201               .95399            .00297        .00191
          .97294             .00242            .97289            .00154               .97291            .00198        .00088
          .98069             .00178            .98066            .00125               .98067            .00152        .00053
          .98729             .00123            .98727            .00094               .98728            .00108        .00029
          .99272             .00075            .99271            .00062               .99271            .00069        .00013
         1.00000             .00000           1.00000            .00000              1.00000            .00000        .00000
1                             AUTOMATED STABILITY AND CONTROL METHODS PER APRIL 1976 VERSION OF DATCOM   
                                                        WING SECTION DEFINITION
0                                 IDEAL ANGLE OF ATTACK =   -.00080 DEG.

                              ZERO LIFT ANGLE OF ATTACK =  -1.96652 DEG.

                                 IDEAL LIFT COEFFICIENT =    .19603

                  ZERO LIFT PITCHING MOMENT COEFFICIENT =   -.03986

                             MACH ZERO LIFT-CURVE-SLOPE =    .08888 /DEG.

                                    LEADING EDGE RADIUS =    .06400 FRACTION CHORD

                              MAXIMUM AIRFOIL THICKNESS =    .03998 FRACTION CHORD

                                                DELTA-Y =    .85303 PERCENT CHORD


0                         MACH=  .2000 LIFT-CURVE-SLOPE =    .09046 /DEG.      XAC =    .29544
0                         MACH=  .4000 LIFT-CURVE-SLOPE =    .09597 /DEG.      XAC =    .29711
1                             AUTOMATED STABILITY AND CONTROL METHODS PER APRIL 1976 VERSION OF DATCOM   
                                                   USER DEFINED VERTICAL TAIL SECTION 
     UPPER ABSCISSA     UPPER ORDINATE     LOWER ABSCISSA     LOWER ORDINATE      X-FRACTION CHORD    MEAN LINE    THICKNESS
          .00000             .00000            .00000            .00000               .00000            .00000        .00000
          .00100             .00344            .00100           -.00344               .00100            .00000        .00688
          .00200             .00486            .00200           -.00486               .00200            .00000        .00973
          .00300             .00595            .00300           -.00595               .00300            .00000        .01191
          .00400             .00687            .00400           -.00687               .00400            .00000        .01374
          .00499             .00768            .00501           -.00768               .00500            .00000        .01535
          .00600             .00840            .00600           -.00840               .00600            .00000        .01680
          .00701             .00907            .00699           -.00907               .00700            .00000        .01814
          .00750             .00939            .00750           -.00939               .00750            .00000        .01877
          .00800             .00969            .00800           -.00969               .00800            .00000        .01938
          .00900             .01027            .00900           -.01027               .00900            .00000        .02055
          .01000             .01082            .01000           -.01082               .01000            .00000        .02165
          .01200             .01184            .01200           -.01184               .01200            .00000        .02368
          .01250             .01208            .01250           -.01208               .01250            .00000        .02417
          .02000             .01522            .02000           -.01522               .02000            .00000        .03043
          .02500             .01696            .02500           -.01696               .02500            .00000        .03392
          .03000             .01852            .03000           -.01852               .03000            .00000        .03704
          .03500             .01995            .03500           -.01995               .03500            .00000        .03990
          .04000             .02126            .04000           -.02126               .04000            .00000        .04251
          .05000             .02362            .05000           -.02362               .05000            .00000        .04723
          .06000             .02571            .06000           -.02571               .06000            .00000        .05142
          .07000             .02759            .07000           -.02759               .07000            .00000        .05518
          .07500             .02847            .07500           -.02847               .07500            .00000        .05694
          .08000             .02931            .08000           -.02931               .08000            .00000        .05861
          .09000             .03088            .09000           -.03088               .09000            .00000        .06176
          .10000             .03234            .10000           -.03234               .10000            .00000        .06467
          .12000             .03494            .12000           -.03494               .12000            .00000        .06989
          .15000             .03825            .15000           -.03825               .15000            .00000        .07651
          .20000             .04256            .20000           -.04256               .20000            .00000        .08511
          .25000             .04570            .25000           -.04570               .25000            .00000        .09139
          .30000             .04791            .30000           -.04791               .30000            .00000        .09581
          .35000             .04930            .35000           -.04930               .35000            .00000        .09860
          .40000             .04995            .40000           -.04995               .40000            .00000        .09989
          .45000             .04986            .45000           -.04986               .45000            .00000        .09972
          .50000             .04903            .50000           -.04903               .50000            .00000        .09805
          .55000             .04736            .55000           -.04736               .55000            .00000        .09473
          .60000             .04465            .60000           -.04465               .60000            .00000        .08930
          .65000             .04044            .65000           -.04044               .65000            .00000        .08088
          .70000             .03533            .70000           -.03533               .70000            .00000        .07066
          .75000             .02971            .75000           -.02971               .75000            .00000        .05942
          .80000             .02382            .80000           -.02382               .80000            .00000        .04764
          .85000             .01786            .85000           -.01786               .85000            .00000        .03573
          .90000             .01191            .90000           -.01191               .90000            .00000        .02382
          .92500             .00893            .92500           -.00893               .92500            .00000        .01786
          .95000             .00595            .95000           -.00595               .95000            .00000        .01191
          .97500             .00298            .97500           -.00298               .97500            .00000        .00595
         1.00000             .00000           1.00000            .00000               .98750            .00000        .00000
1                             AUTOMATED STABILITY AND CONTROL METHODS PER APRIL 1976 VERSION OF DATCOM   
                                                    VERTICAL TAIL SECTION DEFINITION
0                                 IDEAL ANGLE OF ATTACK =    .00000 DEG.

                              ZERO LIFT ANGLE OF ATTACK =    .00000 DEG.

                                 IDEAL LIFT COEFFICIENT =    .00000

                  ZERO LIFT PITCHING MOMENT COEFFICIENT =    .00000

                             MACH ZERO LIFT-CURVE-SLOPE =    .09281 /DEG.

                                    LEADING EDGE RADIUS =    .00642 FRACTION CHORD

                              MAXIMUM AIRFOIL THICKNESS =    .09989 FRACTION CHORD

                                                DELTA-Y =   2.15570 PERCENT CHORD


0                         MACH=  .2000 LIFT-CURVE-SLOPE =    .09453 /DEG.      XAC =    .26457
0                         MACH=  .4000 LIFT-CURVE-SLOPE =    .10048 /DEG.      XAC =    .26505
 WARNING*** BODY ALONE DYNAMIC DERIVATIVE METHOD VALID FOR NOSE CYLINDER ONLY
            TAIL EFFECTS IGNORED]
1                               AUTOMATED STABILITY AND CONTROL METHODS PER APRIL 1976 VERSION OF DATCOM
                                         CHARACTERISTICS AT ANGLE OF ATTACK AND IN SIDESLIP
                                                WING-BODY-VERTICAL TAIL CONFIGURATION
                                                          TOTAL AIRCRAFT
 
 -----------------------  FLIGHT CONDITIONS  ------------------------           --------------  REFERENCE DIMENSIONS  ------------
  MACH    ALTITUDE   VELOCITY    PRESSURE    TEMPERATURE     REYNOLDS             REF.      REFERENCE LENGTH   MOMENT REF. CENTER
 NUMBER                                                       NUMBER              AREA       LONG.     LAT.     HORIZ      VERT
             FT       FT/SEC     LB/FT**2       DEG R         1/FT               FT**2        FT        FT        FT        FT
0  .200        .00     223.27   2.1162+003     518.670     1.4136+006           702.900     22.280    37.150    48.077     3.370
0                                                               -------------------DERIVATIVE (PER DEGREE)-------------------
0 ALPHA     CD       CL       CM       CN       CA       XCP        CLA          CMA          CYB          CNB          CLB
0
  -16.0     .087    -.659     .0015   -.658    -.098    -.002    5.416-002   -1.011-003   -1.490-002    1.937-003    1.089-004
   -8.0     .024    -.258    -.0070   -.259    -.012     .027    4.612-002   -1.111-003                             -1.536-003
   -6.0     .017    -.168    -.0092   -.169     .000     .055    4.360-002   -1.139-003                             -1.884-003
   -4.0     .013    -.084    -.0116   -.084     .008     .137    4.037-002   -1.223-003                             -2.195-003
   -2.0     .012    -.006    -.0141   -.007     .012    2.099    3.825-002   -1.637-003                             -2.464-003
     .0     .013     .069    -.0181    .069     .013    -.261    3.925-002   -2.582-003                             -2.723-003
    2.0     .016     .151    -.0245    .151     .011    -.162    4.233-002   -3.719-003                             -3.014-003
    4.0     .022     .239    -.0330    .240     .005    -.138    4.546-002   -4.703-003                             -3.344-003
    6.0     .032     .333    -.0433    .334    -.003    -.130    4.817-002   -5.392-003                             -3.707-003
    8.0     .045     .431    -.0545    .433    -.015    -.126    5.043-002   -5.708-003                             -4.100-003
   10.0     .062     .534    -.0661    .537    -.031    -.123    5.222-002   -5.330-003                             -4.517-003
   12.0     .083     .640    -.0759    .644    -.052    -.118    5.175-002   -4.561-003                             -4.952-003
   14.0     .107     .741    -.0844    .745    -.076    -.113    4.877-002   -5.048-003                             -5.359-003
   16.0     .132     .835    -.0961    .839    -.104    -.114    4.527-002   -5.749-003                             -5.725-003
   18.0     .158     .922    -.1074    .926    -.135    -.116    4.149-002   -5.534-003                             -6.052-003
   20.0     .184    1.001    -.1182   1.004    -.169    -.118    3.748-002   -5.421-003                             -6.332-003
   25.0     .242    1.164    -.1453   1.157    -.272    -.126    2.476-002   -4.435-003                             -6.837-003
   30.0     .278    1.249    -.1625   1.220    -.384    -.133    3.581-003   -4.265-004                             -6.900-003
   35.0     .265    1.200    -.1496   1.134    -.471    -.132   -2.293-002    7.703-003                             -6.194-003
   40.0     .216    1.020    -.0855    .920    -.490    -.093   -4.912-002    1.793-002                             -4.741-003
1                               AUTOMATED STABILITY AND CONTROL METHODS PER APRIL 1976 VERSION OF DATCOM
                                                         DYNAMIC DERIVATIVES
                                                WING-BODY-VERTICAL TAIL CONFIGURATION
                                                          TOTAL AIRCRAFT
 
 -----------------------  FLIGHT CONDITIONS  ------------------------           --------------  REFERENCE DIMENSIONS  ------------
  MACH    ALTITUDE   VELOCITY    PRESSURE    TEMPERATURE     REYNOLDS             REF.      REFERENCE LENGTH   MOMENT REF. CENTER
 NUMBER                                                       NUMBER              AREA       LONG.     LAT.     HORIZ      VERT
             FT       FT/SEC     LB/FT**2       DEG R         1/FT               FT**2        FT        FT        FT        FT
0  .200        .00     223.27   2.1162+003     518.670     1.4136+006           702.900     22.280    37.150    48.077     3.370
                                                    DYNAMIC DERIVATIVES (PER DEGREE)
0           -------PITCHING-------    -----ACCELERATION------    --------------ROLLING--------------    --------YAWING--------
0   ALPHA       CLQ          CMQ           CLAD         CMAD         CLP          CYP          CNP          CNR          CLR
0
   -16.00    2.933-002   -9.013-003       NDM          NDM       -4.671-003   -3.958-003    1.507-003   -5.780-003    2.518-004
    -8.00                                                        -3.555-003   -1.180-003    8.745-004   -6.024-003    6.330-004
    -6.00                                                        -3.305-003   -5.045-004    6.820-004   -6.095-003    6.839-004
    -4.00                                                        -3.032-003    2.071-004    4.615-004   -6.166-003    7.139-004
    -2.00                                                        -2.874-003    9.403-004    2.174-004   -6.235-003    7.219-004
      .00                                                        -2.959-003    1.674-003   -2.993-005   -6.300-003    7.254-004
     2.00                                                        -3.167-003    2.388-003   -2.591-004   -6.362-003    7.428-004
     4.00                                                        -3.371-003    3.073-003   -4.669-004   -6.422-003    7.730-004
     6.00                                                        -3.572-003    3.737-003   -6.562-004   -6.484-003    8.149-004
     8.00                                                        -3.767-003    4.392-003   -8.322-004   -6.549-003    8.671-004
    10.00                                                        -3.957-003    5.056-003   -1.002-003   -6.618-003    9.283-004
    12.00                                                        -3.998-003    5.879-003   -1.247-003   -6.691-003    9.968-004
    14.00                                                        -3.909-003    6.884-003   -1.587-003   -6.758-003    1.049-003
    16.00                                                        -3.839-003    7.982-003   -1.964-003   -6.817-003    1.088-003
    18.00                                                        -3.751-003    9.205-003   -2.393-003   -6.865-003    1.113-003
    20.00                                                        -3.600-003    1.062-002   -2.909-003   -6.897-003    1.121-003
    25.00                                                        -3.012-003    1.470-002   -4.419-003   -6.864-003    1.041-003
    30.00                                                        -1.851-003    2.009-002   -6.215-003   -6.611-003    7.833-004
    35.00                                                        -1.900-004    3.313-002   -8.055-003   -6.007-003    1.954-004
    40.00                                                         1.507-003   -2.672+001   -3.384+000   -5.142-003   -6.933-004
0*** NDM PRINTED WHEN NO DATCOM METHODS EXIST
0*** VEHICLE WEIGHT =  79808.00 LB.
0*** LEVEL FLIGHT LIFT COEFFICIENT = 1.91616
1                            AUTOMATED STABILITY AND CONTROL METHODS PER APRIL 1976 VERSION OF DATCOM
                                         CHARACTERISTICS OF HIGH LIFT AND CONTROL DEVICES
                                            WING PLAIN TRAILING-EDGE FLAP CONFIGURATION
                                                          TOTAL AIRCRAFT
 -----------------------  FLIGHT CONDITIONS  ------------------------           --------------  REFERENCE DIMENSIONS  ------------
  MACH    ALTITUDE   VELOCITY    PRESSURE    TEMPERATURE     REYNOLDS             REF.      REFERENCE LENGTH   MOMENT REF. CENTER
 NUMBER                                                       NUMBER              AREA       LONG.     LAT.     HORIZ      VERT
             FT       FT/SEC     LB/FT**2       DEG R         1/FT               FT**2        FT        FT        FT        FT
0  .200        .00     223.27   2.1162+003     518.670     1.4136+006           702.900     22.280    37.150    48.077     3.370
0            ---------INCREMENTS DUE TO DEFLECTION---------              ---DERIVATIVES (PER DEGREE)---
0     DELTA     D(CL)     D(CM)    D(CL MAX)    D(CD MIN)                (CLA)D     (CH)A       (CH)D


         .0      .000      .0000     NDM          NDM                  2.816-002     NDM         NDM 
        5.0      .172     -.1783     NDM          NDM                  3.384-002     NDM         NDM 
       15.0      .515     -.5350     NDM          NDM                  3.012-002     NDM         NDM 
       25.0      .858     -.8917     NDM          NDM                  2.405-002     NDM         NDM 
       35.0     1.201    -1.2484     NDM          NDM                  1.755-002     NDM         NDM 
       45.0     1.544    -1.6051     NDM          NDM                  1.260-002     NDM         NDM 
       55.0     1.887    -1.9618     NDM          NDM                  8.683-003     NDM         NDM 
0  *** NOTE * HINGE MOMENT DERIVATIVES ARE BASED ON TWICE THE AREA-MOMENT OF THE CONTROL ABOUT ITS HINGE LINE

0            --------- INDUCED DRAG COEFFICIENT INCREMENT , D(CDI) , DUE TO DEFLECTION ---------
0       DELTA =    .0       5.0      15.0      25.0      35.0      45.0      55.0
   ALPHA
0
   -16.0        1.00-030  1.00-030  1.00-030  1.00-030  1.00-030  1.00-030  1.00-030
    -8.0        1.00-030  1.00-030  1.00-030  1.00-030  1.00-030  1.00-030  1.00-030
    -6.0        1.00-030  1.00-030  1.00-030  1.00-030  1.00-030  1.00-030  1.00-030
    -4.0        1.00-030  1.00-030  1.00-030  1.00-030  1.00-030  1.00-030  1.00-030
    -2.0        1.00-030  1.00-030  1.00-030  1.00-030  1.00-030  1.00-030  1.00-030
      .0        1.00-030  1.00-030  1.00-030  1.00-030  1.00-030  1.00-030  1.00-030
     2.0        1.00-030  1.00-030  1.00-030  1.00-030  1.00-030  1.00-030  1.00-030
     4.0        1.00-030  1.00-030  1.00-030  1.00-030  1.00-030  1.00-030  1.00-030
     6.0        1.00-030  1.00-030  1.00-030  1.00-030  1.00-030  1.00-030  1.00-030
     8.0        1.00-030  1.00-030  1.00-030  1.00-030  1.00-030  1.00-030  1.00-030
    10.0        1.00-030  1.00-030  1.00-030  1.00-030  1.00-030  1.00-030  1.00-030
    12.0        1.00-030  1.00-030  1.00-030  1.00-030  1.00-030  1.00-030  1.00-030
    14.0        1.00-030  1.00-030  1.00-030  1.00-030  1.00-030  1.00-030  1.00-030
    16.0        1.00-030  1.00-030  1.00-030  1.00-030  1.00-030  1.00-030  1.00-030
    18.0        1.00-030  1.00-030  1.00-030  1.00-030  1.00-030  1.00-030  1.00-030
    20.0        1.00-030  1.00-030  1.00-030  1.00-030  1.00-030  1.00-030  1.00-030
    25.0        1.00-030  1.00-030  1.00-030  1.00-030  1.00-030  1.00-030  1.00-030
    30.0        1.00-030  1.00-030  1.00-030  1.00-030  1.00-030  1.00-030  1.00-030
    35.0        1.00-030  1.00-030  1.00-030  1.00-030  1.00-030  1.00-030  1.00-030
    40.0        1.00-030  1.00-030  1.00-030  1.00-030  1.00-030  1.00-030  1.00-030
0***NDM PRINTED WHEN NO DATCOM METHODS EXIST
 WARNING*** BODY ALONE DYNAMIC DERIVATIVE METHOD VALID FOR NOSE CYLINDER ONLY
            TAIL EFFECTS IGNORED]
1                               AUTOMATED STABILITY AND CONTROL METHODS PER APRIL 1976 VERSION OF DATCOM
                                         CHARACTERISTICS AT ANGLE OF ATTACK AND IN SIDESLIP
                                                WING-BODY-VERTICAL TAIL CONFIGURATION
                                                          TOTAL AIRCRAFT
 
 -----------------------  FLIGHT CONDITIONS  ------------------------           --------------  REFERENCE DIMENSIONS  ------------
  MACH    ALTITUDE   VELOCITY    PRESSURE    TEMPERATURE     REYNOLDS             REF.      REFERENCE LENGTH   MOMENT REF. CENTER
 NUMBER                                                       NUMBER              AREA       LONG.     LAT.     HORIZ      VERT
             FT       FT/SEC     LB/FT**2       DEG R         1/FT               FT**2        FT        FT        FT        FT
0  .400        .00     446.53   2.1162+003     518.670     2.8273+006           702.900     22.280    37.150    48.077     3.370
0                                                               -------------------DERIVATIVE (PER DEGREE)-------------------
0 ALPHA     CD       CL       CM       CN       CA       XCP        CLA          CMA          CYB          CNB          CLB
0
  -16.0     .088    -.663     .0031   -.661    -.098    -.005    5.419-002   -1.034-003   -1.502-002    1.770-003    1.424-004
   -8.0     .024    -.260    -.0062   -.261    -.012     .024    4.642-002   -1.286-003                             -1.500-003
   -6.0     .017    -.169    -.0088   -.170     .000     .052    4.395-002   -1.314-003                             -1.850-003
   -4.0     .013    -.084    -.0114   -.085     .007     .134    4.076-002   -1.372-003                             -2.162-003
   -2.0     .012    -.006    -.0143   -.007     .012    2.116    3.865-002   -1.775-003                             -2.434-003
     .0     .013     .070    -.0185    .070     .013    -.264    3.964-002   -2.713-003                             -2.695-003
    2.0     .016     .152    -.0251    .153     .011    -.165    4.268-002   -3.836-003                             -2.988-003
    4.0     .022     .241    -.0339    .242     .005    -.140    4.577-002   -4.795-003                             -3.319-003
    6.0     .032     .335    -.0443    .337    -.003    -.132    4.845-002   -5.430-003                             -3.683-003
    8.0     .045     .435    -.0556    .437    -.016    -.127    5.067-002   -5.650-003                             -4.076-003
   10.0     .063     .538    -.0669    .541    -.032    -.124    5.233-002   -5.142-003                             -4.493-003
   12.0     .084     .644    -.0762    .647    -.052    -.118    5.122-002   -4.634-003                             -4.926-003
   14.0     .107     .743    -.0855    .747    -.076    -.114    4.788-002   -5.191-003                             -5.317-003
   16.0     .131     .836    -.0969    .839    -.104    -.115    4.447-002   -5.610-003                             -5.673-003
   18.0     .157     .921    -.1079    .924    -.135    -.117    4.041-002   -5.355-003                             -5.986-003
   20.0     .182     .997    -.1183    .999    -.170    -.118    3.609-002   -5.172-003                             -6.250-003
   25.0     .237    1.151    -.1435   1.143    -.272    -.126    2.275-002   -3.934-003                             -6.698-003
   30.0     .267    1.225    -.1577   1.194    -.381    -.132    6.775-004    5.787-004                             -6.688-003
   35.0     .248    1.158    -.1378   1.091    -.461    -.126   -1.931-002    7.009-003                             -5.873-003
   40.0     .219    1.032    -.0876    .931    -.495    -.094   -3.121-002    1.306-002                             -4.729-003
1                               AUTOMATED STABILITY AND CONTROL METHODS PER APRIL 1976 VERSION OF DATCOM
                                                         DYNAMIC DERIVATIVES
                                                WING-BODY-VERTICAL TAIL CONFIGURATION
                                                          TOTAL AIRCRAFT
 
 -----------------------  FLIGHT CONDITIONS  ------------------------           --------------  REFERENCE DIMENSIONS  ------------
  MACH    ALTITUDE   VELOCITY    PRESSURE    TEMPERATURE     REYNOLDS             REF.      REFERENCE LENGTH   MOMENT REF. CENTER
 NUMBER                                                       NUMBER              AREA       LONG.     LAT.     HORIZ      VERT
             FT       FT/SEC     LB/FT**2       DEG R         1/FT               FT**2        FT        FT        FT        FT
0  .400        .00     446.53   2.1162+003     518.670     2.8273+006           702.900     22.280    37.150    48.077     3.370
                                                    DYNAMIC DERIVATIVES (PER DEGREE)
0           -------PITCHING-------    -----ACCELERATION------    --------------ROLLING--------------    --------YAWING--------
0   ALPHA       CLQ          CMQ           CLAD         CMAD         CLP          CYP          CNP          CNR          CLR
0
   -16.00    2.982-002   -9.229-003       NDM          NDM       -4.658-003   -3.982-003    1.527-003   -5.854-003    2.509-004
    -8.00                                                        -3.558-003   -1.190-003    8.834-004   -6.104-003    6.396-004
    -6.00                                                        -3.311-003   -5.098-004    6.882-004   -6.176-003    6.927-004
    -4.00                                                        -3.042-003    2.045-004    4.661-004   -6.249-003    7.250-004
    -2.00                                                        -2.886-003    9.406-004    2.204-004   -6.319-003    7.353-004
      .00                                                        -2.968-003    1.677-003   -2.854-005   -6.384-003    7.409-004
     2.00                                                        -3.172-003    2.394-003   -2.595-004   -6.447-003    7.604-004
     4.00                                                        -3.372-003    3.082-003   -4.695-004   -6.509-003    7.926-004
     6.00                                                        -3.569-003    3.749-003   -6.614-004   -6.571-003    8.364-004
     8.00                                                        -3.761-003    4.410-003   -8.407-004   -6.636-003    8.904-004
    10.00                                                        -3.942-003    5.084-003   -1.017-003   -6.705-003    9.532-004
    12.00                                                        -3.933-003    5.959-003   -1.292-003   -6.777-003    1.022-003
    14.00                                                        -3.817-003    6.996-003   -1.652-003   -6.840-003    1.068-003
    16.00                                                        -3.757-003    8.100-003   -2.031-003   -6.896-003    1.103-003
    18.00                                                        -3.648-003    9.355-003   -2.479-003   -6.939-003    1.122-003
    20.00                                                        -3.474-003    1.080-002   -3.012-003   -6.963-003    1.122-003
    25.00                                                        -2.835-003    1.492-002   -4.537-003   -6.905-003    1.013-003
    30.00                                                        -1.600-003    2.051-002   -6.332-003   -6.619-003    7.161-004
    35.00                                                        -4.589-004    2.833-002   -7.451-003   -5.979-003    6.410-005
    40.00                                                         1.154-006    3.417-002   -6.110-003   -5.214-003   -6.685-004
0*** NDM PRINTED WHEN NO DATCOM METHODS EXIST
0*** VEHICLE WEIGHT =  79808.00 LB.
0*** LEVEL FLIGHT LIFT COEFFICIENT =  .47904
1                            AUTOMATED STABILITY AND CONTROL METHODS PER APRIL 1976 VERSION OF DATCOM
                                         CHARACTERISTICS OF HIGH LIFT AND CONTROL DEVICES
                                            WING PLAIN TRAILING-EDGE FLAP CONFIGURATION
                                                          TOTAL AIRCRAFT
 -----------------------  FLIGHT CONDITIONS  ------------------------           --------------  REFERENCE DIMENSIONS  ------------
  MACH    ALTITUDE   VELOCITY    PRESSURE    TEMPERATURE     REYNOLDS             REF.      REFERENCE LENGTH   MOMENT REF. CENTER
 NUMBER                                                       NUMBER              AREA       LONG.     LAT.     HORIZ      VERT
             FT       FT/SEC     LB/FT**2       DEG R         1/FT               FT**2        FT        FT        FT        FT
0  .400        .00     446.53   2.1162+003     518.670     2.8273+006           702.900     22.280    37.150    48.077     3.370
0            ---------INCREMENTS DUE TO DEFLECTION---------              ---DERIVATIVES (PER DEGREE)---
0     DELTA     D(CL)     D(CM)    D(CL MAX)    D(CD MIN)                (CLA)D     (CH)A       (CH)D


         .0      .000      .0000     NDM          NDM                  2.851-002     NDM         NDM 
        5.0      .172     -.1783     NDM          NDM                  3.408-002     NDM         NDM 
       15.0      .515     -.5350     NDM          NDM                  3.040-002     NDM         NDM 
       25.0      .858     -.8917     NDM          NDM                  2.436-002     NDM         NDM 
       35.0     1.201    -1.2484     NDM          NDM                  1.789-002     NDM         NDM 
       45.0     1.544    -1.6051     NDM          NDM                  1.292-002     NDM         NDM 
       55.0     1.887    -1.9618     NDM          NDM                  8.974-003     NDM         NDM 
0  *** NOTE * HINGE MOMENT DERIVATIVES ARE BASED ON TWICE THE AREA-MOMENT OF THE CONTROL ABOUT ITS HINGE LINE

0            --------- INDUCED DRAG COEFFICIENT INCREMENT , D(CDI) , DUE TO DEFLECTION ---------
0       DELTA =    .0       5.0      15.0      25.0      35.0      45.0      55.0
   ALPHA
0
   -16.0        1.00-030  1.00-030  1.00-030  1.00-030  1.00-030  1.00-030  1.00-030
    -8.0        1.00-030  1.00-030  1.00-030  1.00-030  1.00-030  1.00-030  1.00-030
    -6.0        1.00-030  1.00-030  1.00-030  1.00-030  1.00-030  1.00-030  1.00-030
    -4.0        1.00-030  1.00-030  1.00-030  1.00-030  1.00-030  1.00-030  1.00-030
    -2.0        1.00-030  1.00-030  1.00-030  1.00-030  1.00-030  1.00-030  1.00-030
      .0        1.00-030  1.00-030  1.00-030  1.00-030  1.00-030  1.00-030  1.00-030
     2.0        1.00-030  1.00-030  1.00-030  1.00-030  1.00-030  1.00-030  1.00-030
     4.0        1.00-030  1.00-030  1.00-030  1.00-030  1.00-030  1.00-030  1.00-030
     6.0        1.00-030  1.00-030  1.00-030  1.00-030  1.00-030  1.00-030  1.00-030
     8.0        1.00-030  1.00-030  1.00-030  1.00-030  1.00-030  1.00-030  1.00-030
    10.0        1.00-030  1.00-030  1.00-030  1.00-030  1.00-030  1.00-030  1.00-030
    12.0        1.00-030  1.00-030  1.00-030  1.00-030  1.00-030  1.00-030  1.00-030
    14.0        1.00-030  1.00-030  1.00-030  1.00-030  1.00-030  1.00-030  1.00-030
    16.0        1.00-030  1.00-030  1.00-030  1.00-030  1.00-030  1.00-030  1.00-030
    18.0        1.00-030  1.00-030  1.00-030  1.00-030  1.00-030  1.00-030  1.00-030
    20.0        1.00-030  1.00-030  1.00-030  1.00-030  1.00-030  1.00-030  1.00-030
    25.0        1.00-030  1.00-030  1.00-030  1.00-030  1.00-030  1.00-030  1.00-030
    30.0        1.00-030  1.00-030  1.00-030  1.00-030  1.00-030  1.00-030  1.00-030
    35.0        1.00-030  1.00-030  1.00-030  1.00-030  1.00-030  1.00-030  1.00-030
    40.0        1.00-030  1.00-030  1.00-030  1.00-030  1.00-030  1.00-030  1.00-030
0***NDM PRINTED WHEN NO DATCOM METHODS EXIST
1 END OF JOB.
